#! /usr/bin/vvp
:ivl_version "10.1 (stable)";
:ivl_delay_selection "TYPICAL";
:vpi_time_precision - 12;
:vpi_module "system";
:vpi_module "vhdl_sys";
:vpi_module "v2005_math";
:vpi_module "va_math";
S_0x1b846e8 .scope module, "tb_tttg" "tb_tttg" 2 5;
 .timescale -9 -12;
v0x1bbdad8_0 .var "button", 8 0;
v0x1bbdb50_0 .var "clk", 0 0;
v0x1bbdba8_0 .var "pc", 0 0;
v0x1bbdc00_0 .var "play", 0 0;
v0x1bbdc58_0 .net "pos_led1", 1 0, v0x1bb0218_0;  1 drivers
v0x1bb6278_0 .net "pos_led2", 1 0, v0x1bb0298_0;  1 drivers
v0x1bbdd78_0 .net "pos_led3", 1 0, v0x1bb0338_0;  1 drivers
v0x1bb8ea8_0 .net "pos_led4", 1 0, v0x1bb03d8_0;  1 drivers
v0x1bbde98_0 .net "pos_led5", 1 0, v0x1bb0478_0;  1 drivers
v0x1bbdf48_0 .net "pos_led6", 1 0, v0x1bb0560_0;  1 drivers
v0x1bb8768_0 .net "pos_led7", 1 0, v0x1bb0600_0;  1 drivers
v0x1bbe078_0 .net "pos_led8", 1 0, v0x1bb06a0_0;  1 drivers
v0x1bbe0e0_0 .net "pos_led9", 1 0, v0x1bb0740_0;  1 drivers
v0x1bb90c8_0 .var "reset", 0 0;
v0x1bbe210_0 .net "who", 1 0, L_0x1bc97a8;  1 drivers
S_0x1b7e798 .scope module, "uut" "tttg" 2 27, 3 4 0, S_0x1b846e8;
 .timescale -9 -12;
    .port_info 0 /INPUT 1 "clk"
    .port_info 1 /INPUT 1 "reset"
    .port_info 2 /INPUT 1 "play"
    .port_info 3 /INPUT 1 "pc"
    .port_info 4 /INPUT 9 "button"
    .port_info 5 /OUTPUT 2 "pos1"
    .port_info 6 /OUTPUT 2 "pos2"
    .port_info 7 /OUTPUT 2 "pos3"
    .port_info 8 /OUTPUT 2 "pos4"
    .port_info 9 /OUTPUT 2 "pos5"
    .port_info 10 /OUTPUT 2 "pos6"
    .port_info 11 /OUTPUT 2 "pos7"
    .port_info 12 /OUTPUT 2 "pos8"
    .port_info 13 /OUTPUT 2 "pos9"
    .port_info 14 /OUTPUT 2 "who"
v0x1bbd038_0 .var "PC_en", 15 0;
v0x1bbd0c0_0 .var "PL_en", 15 0;
v0x1bbd138_0 .net "button", 8 0, v0x1bbdad8_0;  1 drivers
v0x1bbd1a0_0 .net "clk", 0 0, v0x1bbdb50_0;  1 drivers
v0x1bbd1f8_0 .net "computer_play", 0 0, v0x1bb0d10_0;  1 drivers
v0x1bbd250_0 .net "illegal_move", 0 0, L_0x1bcd608;  1 drivers
v0x1bbd2a8_0 .net "no_space", 0 0, L_0x1bcebc0;  1 drivers
v0x1bbd300_0 .net "pc", 0 0, v0x1bbdba8_0;  1 drivers
v0x1bbd358_0 .net "play", 0 0, v0x1bbdc00_0;  1 drivers
v0x1bbd418_0 .net "player_play", 0 0, v0x1bb1018_0;  1 drivers
v0x1bbd490_0 .net "pos1", 1 0, v0x1bb0218_0;  alias, 1 drivers
v0x1bbd4e8_0 .net "pos2", 1 0, v0x1bb0298_0;  alias, 1 drivers
v0x1bbd540_0 .net "pos3", 1 0, v0x1bb0338_0;  alias, 1 drivers
v0x1bbd598_0 .net "pos4", 1 0, v0x1bb03d8_0;  alias, 1 drivers
v0x1bbd5f0_0 .net "pos5", 1 0, v0x1bb0478_0;  alias, 1 drivers
v0x1bb7158_0 .net "pos6", 1 0, v0x1bb0560_0;  alias, 1 drivers
v0x1bbd720_0 .net "pos7", 1 0, v0x1bb0600_0;  alias, 1 drivers
v0x1bbd800_0 .net "pos8", 1 0, v0x1bb06a0_0;  alias, 1 drivers
v0x1bbd858_0 .net "pos9", 1 0, v0x1bb0740_0;  alias, 1 drivers
v0x1bbd8b0_0 .net "reset", 0 0, v0x1bb90c8_0;  1 drivers
v0x1bbd908_0 .net "who", 1 0, L_0x1bc97a8;  alias, 1 drivers
v0x1bbd960_0 .net "win", 0 0, L_0x1bc9430;  1 drivers
E_0x1b16fa0 .event posedge, v0x1bb0130_0;
L_0x1bbe268 .part v0x1bbd038_0, 0, 9;
L_0x1bbe2c0 .part v0x1bbd0c0_0, 0, 9;
L_0x1bcd898 .part v0x1bbd038_0, 0, 9;
L_0x1bcd928 .part v0x1bbd0c0_0, 0, 9;
S_0x1b6d280 .scope module, "imd_unit" "illegal_move_detector" 3 42, 3 324 0, S_0x1b7e798;
 .timescale -9 -12;
    .port_info 0 /INPUT 2 "pos1"
    .port_info 1 /INPUT 2 "pos2"
    .port_info 2 /INPUT 2 "pos3"
    .port_info 3 /INPUT 2 "pos4"
    .port_info 4 /INPUT 2 "pos5"
    .port_info 5 /INPUT 2 "pos6"
    .port_info 6 /INPUT 2 "pos7"
    .port_info 7 /INPUT 2 "pos8"
    .port_info 8 /INPUT 2 "pos9"
    .port_info 9 /INPUT 9 "PC_en"
    .port_info 10 /INPUT 9 "PL_en"
    .port_info 11 /OUTPUT 1 "illegal_move"
L_0x1bc9910 .functor OR 1, L_0x1bc9860, L_0x1bc98b8, C4<0>, C4<0>;
L_0x1bc99e0 .functor AND 1, L_0x1bc9910, L_0x1bc9988, C4<1>, C4<1>;
L_0x1bc9b40 .functor OR 1, L_0x1bc9a90, L_0x1bc9ae8, C4<0>, C4<0>;
L_0x1bc9c80 .functor AND 1, L_0x1bc9b40, L_0x1bc9bf0, C4<1>, C4<1>;
L_0x1bc9de0 .functor OR 1, L_0x1bc9d30, L_0x1bc9d88, C4<0>, C4<0>;
L_0x1bc9ee8 .functor AND 1, L_0x1bc9de0, L_0x1bc9e90, C4<1>, C4<1>;
L_0x1bca048 .functor OR 1, L_0x1bc9f98, L_0x1bc9ff0, C4<0>, C4<0>;
L_0x1bca1b8 .functor AND 1, L_0x1bca048, L_0x1bca0f8, C4<1>, C4<1>;
L_0x1bca358 .functor OR 1, L_0x1bca268, L_0x1bca2c0, C4<0>, C4<0>;
L_0x1bca428 .functor AND 1, L_0x1bca358, L_0x1bca3d0, C4<1>, C4<1>;
L_0x1bca318 .functor OR 1, L_0x1bca4d8, L_0x1bca578, C4<0>, C4<0>;
L_0x1bca530 .functor AND 1, L_0x1bca318, L_0x1bca640, C4<1>, C4<1>;
L_0x1bca698 .functor OR 1, L_0x1bca790, L_0x1bc0e70, C4<0>, C4<0>;
L_0x1bcaa38 .functor AND 1, L_0x1bca698, L_0x1bca9e0, C4<1>, C4<1>;
L_0x1bcabd8 .functor OR 1, L_0x1bcab28, L_0x1bcab80, C4<0>, C4<0>;
L_0x1bc0ec8 .functor AND 1, L_0x1bcabd8, L_0x1bcac50, C4<1>, C4<1>;
L_0x1bcaae8 .functor OR 1, L_0x1bcae28, L_0x1bcae80, C4<0>, C4<0>;
L_0x1bcb0b8 .functor AND 1, L_0x1bcaae8, L_0x1bcb060, C4<1>, C4<1>;
L_0x1bcade0 .functor OR 1, L_0x1bcb1b8, L_0x1bbe148, C4<0>, C4<0>;
L_0x1bcb210 .functor AND 1, L_0x1bcade0, L_0x1bcb2f8, C4<1>, C4<1>;
L_0x1bcb168 .functor OR 1, L_0x1bcb460, L_0x1bcb4b8, C4<0>, C4<0>;
L_0x1bcb628 .functor AND 1, L_0x1bcb168, L_0x1bcb598, C4<1>, C4<1>;
L_0x1bcb7c8 .functor OR 1, L_0x1bcb408, L_0x1bcb510, C4<0>, C4<0>;
L_0x1bcb738 .functor AND 1, L_0x1bcb7c8, L_0x1bcb878, C4<1>, C4<1>;
L_0x1bcb8d0 .functor OR 1, L_0x1bcb6d8, L_0x1bcba08, C4<0>, C4<0>;
L_0x1bcbbf8 .functor AND 1, L_0x1bcb8d0, L_0x1bcbb38, C4<1>, C4<1>;
L_0x1bcbab8 .functor OR 1, L_0x1bcb9a0, L_0x1bcba60, C4<0>, C4<0>;
L_0x1bcbce0 .functor AND 1, L_0x1bcbab8, L_0x1bcbdf8, C4<1>, C4<1>;
L_0x1bcbe50 .functor OR 1, L_0x1bcbc70, L_0x1bcbfb0, C4<0>, C4<0>;
L_0x1bcc118 .functor AND 1, L_0x1bcbe50, L_0x1bcc0c0, C4<1>, C4<1>;
L_0x1bcc060 .functor OR 1, L_0x1bcbf38, L_0x1bcc008, C4<0>, C4<0>;
L_0x1bcc248 .functor AND 1, L_0x1bcc060, L_0x1bcc378, C4<1>, C4<1>;
L_0x1bc0f90 .functor OR 1, L_0x1bcc1c8, L_0x1bc0f38, C4<0>, C4<0>;
L_0x1bcbb90 .functor AND 1, L_0x1bc0f90, L_0x1bcc440, C4<1>, C4<1>;
L_0x1bcc700 .functor OR 1, L_0x1bcc498, L_0x1bcc6a8, C4<0>, C4<0>;
L_0x1bcc940 .functor AND 1, L_0x1bcc700, L_0x1bcca50, C4<1>, C4<1>;
L_0x1bcc8b0 .functor OR 1, L_0x1bc99e0, L_0x1bc9c80, C4<0>, C4<0>;
L_0x1bccc58 .functor OR 1, L_0x1bcc8b0, L_0x1bc9ee8, C4<0>, C4<0>;
L_0x1bccb88 .functor OR 1, L_0x1bccc58, L_0x1bca1b8, C4<0>, C4<0>;
L_0x1bccde0 .functor OR 1, L_0x1bccb88, L_0x1bca428, C4<0>, C4<0>;
L_0x1bccd08 .functor OR 1, L_0x1bccde0, L_0x1bca530, C4<0>, C4<0>;
L_0x1bccf70 .functor OR 1, L_0x1bccd08, L_0x1bcaa38, C4<0>, C4<0>;
L_0x1bcce90 .functor OR 1, L_0x1bccf70, L_0x1bc0ec8, C4<0>, C4<0>;
L_0x1bcd108 .functor OR 1, L_0x1bcce90, L_0x1bcb0b8, C4<0>, C4<0>;
L_0x1bcd020 .functor OR 1, L_0x1bcb210, L_0x1bcb628, C4<0>, C4<0>;
L_0x1bcd270 .functor OR 1, L_0x1bcd020, L_0x1bcb738, C4<0>, C4<0>;
L_0x1bcd1b8 .functor OR 1, L_0x1bcd270, L_0x1bcbbf8, C4<0>, C4<0>;
L_0x1bcd3e0 .functor OR 1, L_0x1bcd1b8, L_0x1bcbce0, C4<0>, C4<0>;
L_0x1bcd320 .functor OR 1, L_0x1bcd3e0, L_0x1bcc118, C4<0>, C4<0>;
L_0x1bcd558 .functor OR 1, L_0x1bcd320, L_0x1bcc248, C4<0>, C4<0>;
L_0x1bcd490 .functor OR 1, L_0x1bcd558, L_0x1bcbb90, C4<0>, C4<0>;
L_0x1bcd6d8 .functor OR 1, L_0x1bcd490, L_0x1bcc940, C4<0>, C4<0>;
L_0x1bcd608 .functor OR 1, L_0x1bcd108, L_0x1bcd6d8, C4<0>, C4<0>;
v0x1b1e8e8_0 .net "PC_en", 8 0, L_0x1bcd898;  1 drivers
v0x1baade8_0 .net "PL_en", 8 0, L_0x1bcd928;  1 drivers
v0x1baae60_0 .net *"_s1", 0 0, L_0x1bc9860;  1 drivers
v0x1baaee0_0 .net *"_s101", 0 0, L_0x1bcb460;  1 drivers
v0x1baaf58_0 .net *"_s103", 0 0, L_0x1bcb4b8;  1 drivers
v0x1baaff8_0 .net *"_s104", 0 0, L_0x1bcb168;  1 drivers
v0x1bab070_0 .net *"_s107", 0 0, L_0x1bcb598;  1 drivers
v0x1bab0e8_0 .net *"_s11", 0 0, L_0x1bc9a90;  1 drivers
v0x1bab160_0 .net *"_s111", 0 0, L_0x1bcb408;  1 drivers
v0x1bab220_0 .net *"_s113", 0 0, L_0x1bcb510;  1 drivers
v0x1bab298_0 .net *"_s114", 0 0, L_0x1bcb7c8;  1 drivers
v0x1bab310_0 .net *"_s117", 0 0, L_0x1bcb878;  1 drivers
v0x1bab388_0 .net *"_s121", 0 0, L_0x1bcb6d8;  1 drivers
v0x1bab400_0 .net *"_s123", 0 0, L_0x1bcba08;  1 drivers
v0x1bab478_0 .net *"_s124", 0 0, L_0x1bcb8d0;  1 drivers
v0x1bab4f0_0 .net *"_s127", 0 0, L_0x1bcbb38;  1 drivers
v0x1bab568_0 .net *"_s13", 0 0, L_0x1bc9ae8;  1 drivers
v0x1bab648_0 .net *"_s131", 0 0, L_0x1bcb9a0;  1 drivers
v0x1bab6a0_0 .net *"_s133", 0 0, L_0x1bcba60;  1 drivers
v0x1bab718_0 .net *"_s134", 0 0, L_0x1bcbab8;  1 drivers
v0x1bab790_0 .net *"_s137", 0 0, L_0x1bcbdf8;  1 drivers
v0x1bab808_0 .net *"_s14", 0 0, L_0x1bc9b40;  1 drivers
v0x1bab880_0 .net *"_s141", 0 0, L_0x1bcbc70;  1 drivers
v0x1bab8f8_0 .net *"_s143", 0 0, L_0x1bcbfb0;  1 drivers
v0x1bab970_0 .net *"_s144", 0 0, L_0x1bcbe50;  1 drivers
v0x1bab9e8_0 .net *"_s147", 0 0, L_0x1bcc0c0;  1 drivers
v0x1baba60_0 .net *"_s151", 0 0, L_0x1bcbf38;  1 drivers
v0x1babad8_0 .net *"_s153", 0 0, L_0x1bcc008;  1 drivers
v0x1babb50_0 .net *"_s154", 0 0, L_0x1bcc060;  1 drivers
v0x1babbc8_0 .net *"_s157", 0 0, L_0x1bcc378;  1 drivers
v0x1babc40_0 .net *"_s161", 0 0, L_0x1bcc1c8;  1 drivers
v0x1babcb8_0 .net *"_s163", 0 0, L_0x1bc0f38;  1 drivers
v0x1babd30_0 .net *"_s164", 0 0, L_0x1bc0f90;  1 drivers
v0x1bab5e0_0 .net *"_s167", 0 0, L_0x1bcc440;  1 drivers
v0x1babea0_0 .net *"_s17", 0 0, L_0x1bc9bf0;  1 drivers
v0x1babf18_0 .net *"_s171", 0 0, L_0x1bcc498;  1 drivers
v0x1babf90_0 .net *"_s173", 0 0, L_0x1bcc6a8;  1 drivers
v0x1bac008_0 .net *"_s174", 0 0, L_0x1bcc700;  1 drivers
v0x1bac080_0 .net *"_s177", 0 0, L_0x1bcca50;  1 drivers
v0x1bac0f8_0 .net *"_s180", 0 0, L_0x1bcc8b0;  1 drivers
v0x1bac170_0 .net *"_s182", 0 0, L_0x1bccc58;  1 drivers
v0x1bac1e8_0 .net *"_s184", 0 0, L_0x1bccb88;  1 drivers
v0x1bac260_0 .net *"_s186", 0 0, L_0x1bccde0;  1 drivers
v0x1bac2d8_0 .net *"_s188", 0 0, L_0x1bccd08;  1 drivers
v0x1bac350_0 .net *"_s190", 0 0, L_0x1bccf70;  1 drivers
v0x1bac3c8_0 .net *"_s192", 0 0, L_0x1bcce90;  1 drivers
v0x1bac440_0 .net *"_s196", 0 0, L_0x1bcd020;  1 drivers
v0x1bac4b8_0 .net *"_s198", 0 0, L_0x1bcd270;  1 drivers
v0x1bac530_0 .net *"_s200", 0 0, L_0x1bcd1b8;  1 drivers
v0x1bac5a8_0 .net *"_s202", 0 0, L_0x1bcd3e0;  1 drivers
v0x1bac620_0 .net *"_s204", 0 0, L_0x1bcd320;  1 drivers
v0x1bac698_0 .net *"_s206", 0 0, L_0x1bcd558;  1 drivers
v0x1bac710_0 .net *"_s208", 0 0, L_0x1bcd490;  1 drivers
v0x1bac788_0 .net *"_s21", 0 0, L_0x1bc9d30;  1 drivers
v0x1bac800_0 .net *"_s23", 0 0, L_0x1bc9d88;  1 drivers
v0x1bac878_0 .net *"_s24", 0 0, L_0x1bc9de0;  1 drivers
v0x1bac8f0_0 .net *"_s27", 0 0, L_0x1bc9e90;  1 drivers
v0x1bac968_0 .net *"_s3", 0 0, L_0x1bc98b8;  1 drivers
v0x1bac9e0_0 .net *"_s31", 0 0, L_0x1bc9f98;  1 drivers
v0x1baca58_0 .net *"_s33", 0 0, L_0x1bc9ff0;  1 drivers
v0x1bacad0_0 .net *"_s34", 0 0, L_0x1bca048;  1 drivers
v0x1bacb48_0 .net *"_s37", 0 0, L_0x1bca0f8;  1 drivers
v0x1bacbc0_0 .net *"_s4", 0 0, L_0x1bc9910;  1 drivers
v0x1bacc38_0 .net *"_s41", 0 0, L_0x1bca268;  1 drivers
v0x1baccb0_0 .net *"_s43", 0 0, L_0x1bca2c0;  1 drivers
v0x1babd88_0 .net *"_s44", 0 0, L_0x1bca358;  1 drivers
v0x1babe00_0 .net *"_s47", 0 0, L_0x1bca3d0;  1 drivers
v0x1bacf10_0 .net *"_s51", 0 0, L_0x1bca4d8;  1 drivers
v0x1bacf68_0 .net *"_s53", 0 0, L_0x1bca578;  1 drivers
v0x1bacfe0_0 .net *"_s54", 0 0, L_0x1bca318;  1 drivers
v0x1bad058_0 .net *"_s57", 0 0, L_0x1bca640;  1 drivers
v0x1bad0d0_0 .net *"_s61", 0 0, L_0x1bca790;  1 drivers
v0x1bad148_0 .net *"_s63", 0 0, L_0x1bc0e70;  1 drivers
v0x1bad1c0_0 .net *"_s64", 0 0, L_0x1bca698;  1 drivers
v0x1bad238_0 .net *"_s67", 0 0, L_0x1bca9e0;  1 drivers
v0x1bad2b0_0 .net *"_s7", 0 0, L_0x1bc9988;  1 drivers
v0x1bad328_0 .net *"_s71", 0 0, L_0x1bcab28;  1 drivers
v0x1bad3a0_0 .net *"_s73", 0 0, L_0x1bcab80;  1 drivers
v0x1bad418_0 .net *"_s74", 0 0, L_0x1bcabd8;  1 drivers
v0x1bad490_0 .net *"_s77", 0 0, L_0x1bcac50;  1 drivers
v0x1bad508_0 .net *"_s81", 0 0, L_0x1bcae28;  1 drivers
v0x1bad580_0 .net *"_s83", 0 0, L_0x1bcae80;  1 drivers
v0x1bad5f8_0 .net *"_s84", 0 0, L_0x1bcaae8;  1 drivers
v0x1bad670_0 .net *"_s87", 0 0, L_0x1bcb060;  1 drivers
v0x1bad6e8_0 .net *"_s91", 0 0, L_0x1bcb1b8;  1 drivers
v0x1bad760_0 .net *"_s93", 0 0, L_0x1bbe148;  1 drivers
v0x1bad7d8_0 .net *"_s94", 0 0, L_0x1bcade0;  1 drivers
v0x1bad850_0 .net *"_s97", 0 0, L_0x1bcb2f8;  1 drivers
v0x1bad8c8_0 .net "illegal_move", 0 0, L_0x1bcd608;  alias, 1 drivers
v0x1bad930_0 .net "pos1", 1 0, v0x1bb0218_0;  alias, 1 drivers
v0x1bad9a8_0 .net "pos2", 1 0, v0x1bb0298_0;  alias, 1 drivers
v0x1bada20_0 .net "pos3", 1 0, v0x1bb0338_0;  alias, 1 drivers
v0x1bada98_0 .net "pos4", 1 0, v0x1bb03d8_0;  alias, 1 drivers
v0x1badb10_0 .net "pos5", 1 0, v0x1bb0478_0;  alias, 1 drivers
v0x1badb88_0 .net "pos6", 1 0, v0x1bb0560_0;  alias, 1 drivers
v0x1badc00_0 .net "pos7", 1 0, v0x1bb0600_0;  alias, 1 drivers
v0x1badc78_0 .net "pos8", 1 0, v0x1bb06a0_0;  alias, 1 drivers
v0x1badcf0_0 .net "pos9", 1 0, v0x1bb0740_0;  alias, 1 drivers
v0x1badd68_0 .net "temp1", 0 0, L_0x1bc99e0;  1 drivers
v0x1baddd0_0 .net "temp11", 0 0, L_0x1bcb210;  1 drivers
v0x1bade38_0 .net "temp12", 0 0, L_0x1bcb628;  1 drivers
v0x1badea0_0 .net "temp13", 0 0, L_0x1bcb738;  1 drivers
v0x1badf08_0 .net "temp14", 0 0, L_0x1bcbbf8;  1 drivers
v0x1badf70_0 .net "temp15", 0 0, L_0x1bcbce0;  1 drivers
v0x1badfd8_0 .net "temp16", 0 0, L_0x1bcc118;  1 drivers
v0x1bae040_0 .net "temp17", 0 0, L_0x1bcc248;  1 drivers
v0x1bae0a8_0 .net "temp18", 0 0, L_0x1bcbb90;  1 drivers
v0x1bae110_0 .net "temp19", 0 0, L_0x1bcc940;  1 drivers
v0x1bae178_0 .net "temp2", 0 0, L_0x1bc9c80;  1 drivers
v0x1bae1e0_0 .net "temp21", 0 0, L_0x1bcd108;  1 drivers
v0x1bae248_0 .net "temp22", 0 0, L_0x1bcd6d8;  1 drivers
v0x1bae2b0_0 .net "temp3", 0 0, L_0x1bc9ee8;  1 drivers
v0x1bae318_0 .net "temp4", 0 0, L_0x1bca1b8;  1 drivers
v0x1bae380_0 .net "temp5", 0 0, L_0x1bca428;  1 drivers
v0x1bae3e8_0 .net "temp6", 0 0, L_0x1bca530;  1 drivers
v0x1bae450_0 .net "temp7", 0 0, L_0x1bcaa38;  1 drivers
v0x1bae4b8_0 .net "temp8", 0 0, L_0x1bc0ec8;  1 drivers
v0x1bae520_0 .net "temp9", 0 0, L_0x1bcb0b8;  1 drivers
L_0x1bc9860 .part v0x1bb0218_0, 1, 1;
L_0x1bc98b8 .part v0x1bb0218_0, 0, 1;
L_0x1bc9988 .part L_0x1bcd928, 0, 1;
L_0x1bc9a90 .part v0x1bb0298_0, 1, 1;
L_0x1bc9ae8 .part v0x1bb0298_0, 0, 1;
L_0x1bc9bf0 .part L_0x1bcd928, 1, 1;
L_0x1bc9d30 .part v0x1bb0338_0, 1, 1;
L_0x1bc9d88 .part v0x1bb0338_0, 0, 1;
L_0x1bc9e90 .part L_0x1bcd928, 2, 1;
L_0x1bc9f98 .part v0x1bb03d8_0, 1, 1;
L_0x1bc9ff0 .part v0x1bb03d8_0, 0, 1;
L_0x1bca0f8 .part L_0x1bcd928, 3, 1;
L_0x1bca268 .part v0x1bb0478_0, 1, 1;
L_0x1bca2c0 .part v0x1bb0478_0, 0, 1;
L_0x1bca3d0 .part L_0x1bcd928, 4, 1;
L_0x1bca4d8 .part v0x1bb0560_0, 1, 1;
L_0x1bca578 .part v0x1bb0560_0, 0, 1;
L_0x1bca640 .part L_0x1bcd928, 5, 1;
L_0x1bca790 .part v0x1bb0600_0, 1, 1;
L_0x1bc0e70 .part v0x1bb0600_0, 0, 1;
L_0x1bca9e0 .part L_0x1bcd928, 6, 1;
L_0x1bcab28 .part v0x1bb06a0_0, 1, 1;
L_0x1bcab80 .part v0x1bb06a0_0, 0, 1;
L_0x1bcac50 .part L_0x1bcd928, 7, 1;
L_0x1bcae28 .part v0x1bb0740_0, 1, 1;
L_0x1bcae80 .part v0x1bb0740_0, 0, 1;
L_0x1bcb060 .part L_0x1bcd928, 8, 1;
L_0x1bcb1b8 .part v0x1bb0218_0, 1, 1;
L_0x1bbe148 .part v0x1bb0218_0, 0, 1;
L_0x1bcb2f8 .part L_0x1bcd898, 0, 1;
L_0x1bcb460 .part v0x1bb0298_0, 1, 1;
L_0x1bcb4b8 .part v0x1bb0298_0, 0, 1;
L_0x1bcb598 .part L_0x1bcd898, 1, 1;
L_0x1bcb408 .part v0x1bb0338_0, 1, 1;
L_0x1bcb510 .part v0x1bb0338_0, 0, 1;
L_0x1bcb878 .part L_0x1bcd898, 2, 1;
L_0x1bcb6d8 .part v0x1bb03d8_0, 1, 1;
L_0x1bcba08 .part v0x1bb03d8_0, 0, 1;
L_0x1bcbb38 .part L_0x1bcd898, 3, 1;
L_0x1bcb9a0 .part v0x1bb0478_0, 1, 1;
L_0x1bcba60 .part v0x1bb0478_0, 0, 1;
L_0x1bcbdf8 .part L_0x1bcd898, 4, 1;
L_0x1bcbc70 .part v0x1bb0560_0, 1, 1;
L_0x1bcbfb0 .part v0x1bb0560_0, 0, 1;
L_0x1bcc0c0 .part L_0x1bcd898, 5, 1;
L_0x1bcbf38 .part v0x1bb0600_0, 1, 1;
L_0x1bcc008 .part v0x1bb0600_0, 0, 1;
L_0x1bcc378 .part L_0x1bcd898, 6, 1;
L_0x1bcc1c8 .part v0x1bb06a0_0, 1, 1;
L_0x1bc0f38 .part v0x1bb06a0_0, 0, 1;
L_0x1bcc440 .part L_0x1bcd898, 7, 1;
L_0x1bcc498 .part v0x1bb0740_0, 1, 1;
L_0x1bcc6a8 .part v0x1bb0740_0, 0, 1;
L_0x1bcca50 .part L_0x1bcd898, 8, 1;
S_0x1bae680 .scope module, "nsd_unit" "nospace_detector" 3 48, 3 302 0, S_0x1b7e798;
 .timescale -9 -12;
    .port_info 0 /INPUT 2 "pos1"
    .port_info 1 /INPUT 2 "pos2"
    .port_info 2 /INPUT 2 "pos3"
    .port_info 3 /INPUT 2 "pos4"
    .port_info 4 /INPUT 2 "pos5"
    .port_info 5 /INPUT 2 "pos6"
    .port_info 6 /INPUT 2 "pos7"
    .port_info 7 /INPUT 2 "pos8"
    .port_info 8 /INPUT 2 "pos9"
    .port_info 9 /OUTPUT 1 "no_space"
L_0x1bc2690 .functor OR 1, L_0x1bcd9b8, L_0x1bcda10, C4<0>, C4<0>;
L_0x1bcdd70 .functor OR 1, L_0x1bc2740, L_0x1bc2798, C4<0>, C4<0>;
L_0x1bcded0 .functor OR 1, L_0x1bcde20, L_0x1bcde78, C4<0>, C4<0>;
L_0x1bce030 .functor OR 1, L_0x1bcdf80, L_0x1bcdfd8, C4<0>, C4<0>;
L_0x1bce190 .functor OR 1, L_0x1bce0e0, L_0x1bce138, C4<0>, C4<0>;
L_0x1bce328 .functor OR 1, L_0x1bce240, L_0x1bce298, C4<0>, C4<0>;
L_0x1bce4c8 .functor OR 1, L_0x1bce3d8, L_0x1bce430, C4<0>, C4<0>;
L_0x1bce488 .functor OR 1, L_0x1bce540, L_0x1bce598, C4<0>, C4<0>;
L_0x1bce5f0 .functor OR 1, L_0x1bce6a8, L_0x1bce700, C4<0>, C4<0>;
L_0x1bce818 .functor AND 1, L_0x1bc2690, L_0x1bcdd70, C4<1>, C4<1>;
L_0x1bce8c8 .functor AND 1, L_0x1bce818, L_0x1bcded0, C4<1>, C4<1>;
L_0x1bce978 .functor AND 1, L_0x1bce8c8, L_0x1bce030, C4<1>, C4<1>;
L_0x1bcea60 .functor AND 1, L_0x1bce978, L_0x1bce190, C4<1>, C4<1>;
L_0x1bceb10 .functor AND 1, L_0x1bcea60, L_0x1bce328, C4<1>, C4<1>;
L_0x1bcec00 .functor AND 1, L_0x1bceb10, L_0x1bce4c8, C4<1>, C4<1>;
L_0x1bcec78 .functor AND 1, L_0x1bcec00, L_0x1bce488, C4<1>, C4<1>;
L_0x1bcebc0 .functor AND 1, L_0x1bcec78, L_0x1bce5f0, C4<1>, C4<1>;
v0x1bae830_0 .net *"_s1", 0 0, L_0x1bcd9b8;  1 drivers
v0x1bae8a8_0 .net *"_s13", 0 0, L_0x1bcde20;  1 drivers
v0x1bae920_0 .net *"_s15", 0 0, L_0x1bcde78;  1 drivers
v0x1bae9a0_0 .net *"_s19", 0 0, L_0x1bcdf80;  1 drivers
v0x1baea18_0 .net *"_s21", 0 0, L_0x1bcdfd8;  1 drivers
v0x1baeab8_0 .net *"_s25", 0 0, L_0x1bce0e0;  1 drivers
v0x1baeb30_0 .net *"_s27", 0 0, L_0x1bce138;  1 drivers
v0x1baeba8_0 .net *"_s3", 0 0, L_0x1bcda10;  1 drivers
v0x1baec20_0 .net *"_s31", 0 0, L_0x1bce240;  1 drivers
v0x1baece0_0 .net *"_s33", 0 0, L_0x1bce298;  1 drivers
v0x1baed58_0 .net *"_s37", 0 0, L_0x1bce3d8;  1 drivers
v0x1baedd0_0 .net *"_s39", 0 0, L_0x1bce430;  1 drivers
v0x1baee48_0 .net *"_s43", 0 0, L_0x1bce540;  1 drivers
v0x1baeec0_0 .net *"_s45", 0 0, L_0x1bce598;  1 drivers
v0x1baef38_0 .net *"_s49", 0 0, L_0x1bce6a8;  1 drivers
v0x1baefb0_0 .net *"_s51", 0 0, L_0x1bce700;  1 drivers
v0x1baf028_0 .net *"_s54", 0 0, L_0x1bce818;  1 drivers
v0x1baf108_0 .net *"_s56", 0 0, L_0x1bce8c8;  1 drivers
v0x1baf160_0 .net *"_s58", 0 0, L_0x1bce978;  1 drivers
v0x1baf1d8_0 .net *"_s60", 0 0, L_0x1bcea60;  1 drivers
v0x1baf250_0 .net *"_s62", 0 0, L_0x1bceb10;  1 drivers
v0x1baf2c8_0 .net *"_s64", 0 0, L_0x1bcec00;  1 drivers
v0x1baf340_0 .net *"_s66", 0 0, L_0x1bcec78;  1 drivers
v0x1baf3b8_0 .net *"_s7", 0 0, L_0x1bc2740;  1 drivers
v0x1baf430_0 .net *"_s9", 0 0, L_0x1bc2798;  1 drivers
v0x1baf4a8_0 .net "no_space", 0 0, L_0x1bcebc0;  alias, 1 drivers
v0x1baf510_0 .net "pos1", 1 0, v0x1bb0218_0;  alias, 1 drivers
v0x1baf598_0 .net "pos2", 1 0, v0x1bb0298_0;  alias, 1 drivers
v0x1baf610_0 .net "pos3", 1 0, v0x1bb0338_0;  alias, 1 drivers
v0x1baf688_0 .net "pos4", 1 0, v0x1bb03d8_0;  alias, 1 drivers
v0x1baf700_0 .net "pos5", 1 0, v0x1bb0478_0;  alias, 1 drivers
v0x1baf778_0 .net "pos6", 1 0, v0x1bb0560_0;  alias, 1 drivers
v0x1baf7f0_0 .net "pos7", 1 0, v0x1bb0600_0;  alias, 1 drivers
v0x1baf0a0_0 .net "pos8", 1 0, v0x1bb06a0_0;  alias, 1 drivers
v0x1baf970_0 .net "pos9", 1 0, v0x1bb0740_0;  alias, 1 drivers
v0x1baf9e8_0 .net "temp1", 0 0, L_0x1bc2690;  1 drivers
v0x1bafa40_0 .net "temp2", 0 0, L_0x1bcdd70;  1 drivers
v0x1bafa98_0 .net "temp3", 0 0, L_0x1bcded0;  1 drivers
v0x1bafb00_0 .net "temp4", 0 0, L_0x1bce030;  1 drivers
v0x1bafb68_0 .net "temp5", 0 0, L_0x1bce190;  1 drivers
v0x1bafbd0_0 .net "temp6", 0 0, L_0x1bce328;  1 drivers
v0x1bafc38_0 .net "temp7", 0 0, L_0x1bce4c8;  1 drivers
v0x1bafca0_0 .net "temp8", 0 0, L_0x1bce488;  1 drivers
v0x1bafd08_0 .net "temp9", 0 0, L_0x1bce5f0;  1 drivers
L_0x1bcd9b8 .part v0x1bb0218_0, 1, 1;
L_0x1bcda10 .part v0x1bb0218_0, 0, 1;
L_0x1bc2740 .part v0x1bb0298_0, 1, 1;
L_0x1bc2798 .part v0x1bb0298_0, 0, 1;
L_0x1bcde20 .part v0x1bb0338_0, 1, 1;
L_0x1bcde78 .part v0x1bb0338_0, 0, 1;
L_0x1bcdf80 .part v0x1bb03d8_0, 1, 1;
L_0x1bcdfd8 .part v0x1bb03d8_0, 0, 1;
L_0x1bce0e0 .part v0x1bb0478_0, 1, 1;
L_0x1bce138 .part v0x1bb0478_0, 0, 1;
L_0x1bce240 .part v0x1bb0560_0, 1, 1;
L_0x1bce298 .part v0x1bb0560_0, 0, 1;
L_0x1bce3d8 .part v0x1bb0600_0, 1, 1;
L_0x1bce430 .part v0x1bb0600_0, 0, 1;
L_0x1bce540 .part v0x1bb06a0_0, 1, 1;
L_0x1bce598 .part v0x1bb06a0_0, 0, 1;
L_0x1bce6a8 .part v0x1bb0740_0, 1, 1;
L_0x1bce700 .part v0x1bb0740_0, 0, 1;
S_0x1bafe40 .scope module, "position_reg_unit" "position_registers" 3 24, 3 70 0, S_0x1b7e798;
 .timescale -9 -12;
    .port_info 0 /INPUT 1 "clk"
    .port_info 1 /INPUT 1 "reset"
    .port_info 2 /INPUT 1 "illegal_move"
    .port_info 3 /INPUT 9 "PC_en"
    .port_info 4 /INPUT 9 "PL_en"
    .port_info 5 /OUTPUT 2 "pos1"
    .port_info 6 /OUTPUT 2 "pos2"
    .port_info 7 /OUTPUT 2 "pos3"
    .port_info 8 /OUTPUT 2 "pos4"
    .port_info 9 /OUTPUT 2 "pos5"
    .port_info 10 /OUTPUT 2 "pos6"
    .port_info 11 /OUTPUT 2 "pos7"
    .port_info 12 /OUTPUT 2 "pos8"
    .port_info 13 /OUTPUT 2 "pos9"
v0x1bb0030_0 .net "PC_en", 8 0, L_0x1bbe268;  1 drivers
v0x1bb00b8_0 .net "PL_en", 8 0, L_0x1bbe2c0;  1 drivers
v0x1bb0130_0 .net "clk", 0 0, v0x1bbdb50_0;  alias, 1 drivers
v0x1bb01a0_0 .net "illegal_move", 0 0, L_0x1bcd608;  alias, 1 drivers
v0x1bb0218_0 .var "pos1", 1 0;
v0x1bb0298_0 .var "pos2", 1 0;
v0x1bb0338_0 .var "pos3", 1 0;
v0x1bb03d8_0 .var "pos4", 1 0;
v0x1bb0478_0 .var "pos5", 1 0;
v0x1bb0560_0 .var "pos6", 1 0;
v0x1bb0600_0 .var "pos7", 1 0;
v0x1bb06a0_0 .var "pos8", 1 0;
v0x1bb0740_0 .var "pos9", 1 0;
v0x1bb07e0_0 .net "reset", 0 0, v0x1bb90c8_0;  alias, 1 drivers
E_0x1bafff8 .event posedge, v0x1bb07e0_0, v0x1bb0130_0;
S_0x1bb0968 .scope module, "tic_tac_toe_controller" "fsm_controller" 3 52, 3 226 0, S_0x1b7e798;
 .timescale -9 -12;
    .port_info 0 /INPUT 1 "clk"
    .port_info 1 /INPUT 1 "reset"
    .port_info 2 /INPUT 1 "play"
    .port_info 3 /INPUT 1 "pc"
    .port_info 4 /INPUT 1 "illegal_move"
    .port_info 5 /INPUT 1 "no_space"
    .port_info 6 /INPUT 1 "win"
    .port_info 7 /OUTPUT 1 "computer_play"
    .port_info 8 /OUTPUT 1 "player_play"
P_0x1bb0a30 .param/l "COMPUTER" 0 3 240, C4<10>;
P_0x1bb0a50 .param/l "GAME_DONE" 0 3 241, C4<11>;
P_0x1bb0a70 .param/l "IDLE" 0 3 238, C4<00>;
P_0x1bb0a90 .param/l "PLAYER" 0 3 239, C4<01>;
v0x1bb0ca8_0 .net "clk", 0 0, v0x1bbdb50_0;  alias, 1 drivers
v0x1bb0d10_0 .var "computer_play", 0 0;
v0x1bb0d68_0 .var "current_state", 1 0;
v0x1bb0dd0_0 .net "illegal_move", 0 0, L_0x1bcd608;  alias, 1 drivers
v0x1bb0e60_0 .var "next_state", 1 0;
v0x1bb0f00_0 .net "no_space", 0 0, L_0x1bcebc0;  alias, 1 drivers
v0x1bb0f58_0 .net "pc", 0 0, v0x1bbdba8_0;  alias, 1 drivers
v0x1bb0fb0_0 .net "play", 0 0, v0x1bbdc00_0;  alias, 1 drivers
v0x1bb1018_0 .var "player_play", 0 0;
v0x1bb10c8_0 .net "reset", 0 0, v0x1bb90c8_0;  alias, 1 drivers
v0x1bb1120_0 .net "win", 0 0, L_0x1bc9430;  alias, 1 drivers
E_0x1bb0c80/0 .event edge, v0x1bb0d68_0, v0x1bb07e0_0, v0x1bb0fb0_0, v0x1bad8c8_0;
E_0x1bb0c80/1 .event edge, v0x1bb0f58_0, v0x1bb1120_0, v0x1baf4a8_0;
E_0x1bb0c80 .event/or E_0x1bb0c80/0, E_0x1bb0c80/1;
S_0x1bb1208 .scope module, "win_detect_unit" "winner_detector" 3 33, 3 362 0, S_0x1b7e798;
 .timescale -9 -12;
    .port_info 0 /INPUT 2 "pos1"
    .port_info 1 /INPUT 2 "pos2"
    .port_info 2 /INPUT 2 "pos3"
    .port_info 3 /INPUT 2 "pos4"
    .port_info 4 /INPUT 2 "pos5"
    .port_info 5 /INPUT 2 "pos6"
    .port_info 6 /INPUT 2 "pos7"
    .port_info 7 /INPUT 2 "pos8"
    .port_info 8 /INPUT 2 "pos9"
    .port_info 9 /OUTPUT 1 "winner"
    .port_info 10 /OUTPUT 2 "who"
L_0x1bc9198 .functor OR 1, L_0x1bbf488, L_0x1bc0a08, C4<0>, C4<0>;
L_0x1bc91d8 .functor OR 1, L_0x1bc9198, L_0x1bc1fa8, C4<0>, C4<0>;
L_0x1bc9250 .functor OR 1, L_0x1bc91d8, L_0x1bc3650, C4<0>, C4<0>;
L_0x1bc92c8 .functor OR 1, L_0x1bc9250, L_0x1bc4c38, C4<0>, C4<0>;
L_0x1bc9340 .functor OR 1, L_0x1bc92c8, L_0x1bc61f8, C4<0>, C4<0>;
L_0x1bc93b8 .functor OR 1, L_0x1bc9340, L_0x1bc77b8, C4<0>, C4<0>;
L_0x1bc9430 .functor OR 1, L_0x1bc93b8, L_0x1bc8d88, C4<0>, C4<0>;
L_0x1bc94a8 .functor OR 2, L_0x1bbf668, L_0x1bc0be8, C4<00>, C4<00>;
L_0x1bc94e8 .functor OR 2, L_0x1bc94a8, L_0x1bc2188, C4<00>, C4<00>;
L_0x1bc9560 .functor OR 2, L_0x1bc94e8, L_0x1bc3830, C4<00>, C4<00>;
L_0x1bc9608 .functor OR 2, L_0x1bc9560, L_0x1bc4f00, C4<00>, C4<00>;
L_0x1bc9680 .functor OR 2, L_0x1bc9608, L_0x1bc63d8, C4<00>, C4<00>;
L_0x1bc9730 .functor OR 2, L_0x1bc9680, L_0x1bc7998, C4<00>, C4<00>;
L_0x1bc97a8 .functor OR 2, L_0x1bc9730, L_0x1bc8f68, C4<00>, C4<00>;
v0x1bbbde0_0 .net *"_s0", 0 0, L_0x1bc9198;  1 drivers
v0x1bbbe68_0 .net *"_s10", 0 0, L_0x1bc93b8;  1 drivers
v0x1bbbee0_0 .net *"_s14", 1 0, L_0x1bc94a8;  1 drivers
v0x1bbbf48_0 .net *"_s16", 1 0, L_0x1bc94e8;  1 drivers
v0x1bbbfc0_0 .net *"_s18", 1 0, L_0x1bc9560;  1 drivers
v0x1bbc038_0 .net *"_s2", 0 0, L_0x1bc91d8;  1 drivers
v0x1bbc0b0_0 .net *"_s20", 1 0, L_0x1bc9608;  1 drivers
v0x1bbc128_0 .net *"_s22", 1 0, L_0x1bc9680;  1 drivers
v0x1bbc1a0_0 .net *"_s24", 1 0, L_0x1bc9730;  1 drivers
v0x1bbc260_0 .net *"_s4", 0 0, L_0x1bc9250;  1 drivers
v0x1bbc2d8_0 .net *"_s6", 0 0, L_0x1bc92c8;  1 drivers
v0x1bbc350_0 .net *"_s8", 0 0, L_0x1bc9340;  1 drivers
v0x1bbc3c8_0 .net "pos1", 1 0, v0x1bb0218_0;  alias, 1 drivers
v0x1bbc430_0 .net "pos2", 1 0, v0x1bb0298_0;  alias, 1 drivers
v0x1bbc498_0 .net "pos3", 1 0, v0x1bb0338_0;  alias, 1 drivers
v0x1bbc500_0 .net "pos4", 1 0, v0x1bb03d8_0;  alias, 1 drivers
v0x1bbc568_0 .net "pos5", 1 0, v0x1bb0478_0;  alias, 1 drivers
v0x1bbc648_0 .net "pos6", 1 0, v0x1bb0560_0;  alias, 1 drivers
v0x1bbc6a0_0 .net "pos7", 1 0, v0x1bb0600_0;  alias, 1 drivers
v0x1bbc6f8_0 .net "pos8", 1 0, v0x1bb06a0_0;  alias, 1 drivers
v0x1bbc750_0 .net "pos9", 1 0, v0x1bb0740_0;  alias, 1 drivers
v0x1bbc7b8_0 .net "who", 1 0, L_0x1bc97a8;  alias, 1 drivers
v0x1bbc830_0 .net "who1", 1 0, L_0x1bbf668;  1 drivers
v0x1bbc898_0 .net "who2", 1 0, L_0x1bc0be8;  1 drivers
v0x1bbc8f0_0 .net "who3", 1 0, L_0x1bc2188;  1 drivers
v0x1bbc948_0 .net "who4", 1 0, L_0x1bc3830;  1 drivers
v0x1bbc9a0_0 .net "who5", 1 0, L_0x1bc4f00;  1 drivers
v0x1bbc9f8_0 .net "who6", 1 0, L_0x1bc63d8;  1 drivers
v0x1bbca50_0 .net "who7", 1 0, L_0x1bc7998;  1 drivers
v0x1bbcac8_0 .net "who8", 1 0, L_0x1bc8f68;  1 drivers
v0x1bbcb40_0 .net "win1", 0 0, L_0x1bbf488;  1 drivers
v0x1bbcbb8_0 .net "win2", 0 0, L_0x1bc0a08;  1 drivers
v0x1bbcc30_0 .net "win3", 0 0, L_0x1bc1fa8;  1 drivers
v0x1bbc5e0_0 .net "win4", 0 0, L_0x1bc3650;  1 drivers
v0x1bbcdb0_0 .net "win5", 0 0, L_0x1bc4c38;  1 drivers
v0x1bbce28_0 .net "win6", 0 0, L_0x1bc61f8;  1 drivers
v0x1bbcea0_0 .net "win7", 0 0, L_0x1bc77b8;  1 drivers
v0x1bbcf18_0 .net "win8", 0 0, L_0x1bc8d88;  1 drivers
v0x1bbcf90_0 .net "winner", 0 0, L_0x1bc9430;  alias, 1 drivers
S_0x1bb1380 .scope module, "u1" "winner_detect_3" 3 365, 3 381 0, S_0x1bb1208;
 .timescale -9 -12;
    .port_info 0 /INPUT 2 "pos0"
    .port_info 1 /INPUT 2 "pos1"
    .port_info 2 /INPUT 2 "pos2"
    .port_info 3 /OUTPUT 1 "winner"
    .port_info 4 /OUTPUT 2 "who"
L_0x1b7e8f0 .functor XOR 1, L_0x1bbe338, L_0x1bbe3b0, C4<0>, C4<0>;
L_0x1bbe6c8 .functor XOR 1, L_0x1bbe5d8, L_0x1bbe630, C4<0>, C4<0>;
L_0x1bbe910 .functor XOR 1, L_0x1bbe860, L_0x1bbe8b8, C4<0>, C4<0>;
L_0x1bbebc8 .functor XOR 1, L_0x1bbeae0, L_0x1bbeb70, C4<0>, C4<0>;
L_0x1bbed40 .functor AND 1, L_0x1bbed80, L_0x1bbedd8, C4<1>, C4<1>;
L_0x1bbee68 .functor AND 1, L_0x1bbefb0, L_0x1bbf058, C4<1>, C4<1>;
L_0x1bbf008 .functor OR 1, L_0x1bbf158, L_0x1bbf208, C4<0>, C4<0>;
L_0x1bbf1b0 .functor AND 1, L_0x1bbf008, L_0x1bbf2d0, C4<1>, C4<1>;
L_0x1bbf488 .functor AND 1, L_0x1bbf1b0, L_0x1bbf430, C4<1>, C4<1>;
L_0x1bbf360 .functor AND 1, L_0x1bbf488, L_0x1bbf570, C4<1>, C4<1>;
L_0x1bbf5c8 .functor AND 1, L_0x1bbf488, L_0x1bbf730, C4<1>, C4<1>;
v0x1bb1480_0 .net *"_s14", 0 0, L_0x1bbe5d8;  1 drivers
v0x1bb1508_0 .net *"_s16", 0 0, L_0x1bbe630;  1 drivers
v0x1bb1580_0 .net *"_s17", 0 0, L_0x1bbe6c8;  1 drivers
v0x1bb15e8_0 .net *"_s20", 0 0, L_0x1bbe798;  1 drivers
v0x1bb1650_0 .net *"_s24", 0 0, L_0x1bbe860;  1 drivers
v0x1bb16f0_0 .net *"_s26", 0 0, L_0x1bbe8b8;  1 drivers
v0x1bb1768_0 .net *"_s27", 0 0, L_0x1bbe910;  1 drivers
v0x1bb17e0_0 .net *"_s3", 0 0, L_0x1bbe338;  1 drivers
v0x1bb1858_0 .net *"_s30", 0 0, L_0x1bbe9c0;  1 drivers
v0x1bb1908_0 .net *"_s35", 0 0, L_0x1bbeae0;  1 drivers
v0x1bb1980_0 .net *"_s37", 0 0, L_0x1bbeb70;  1 drivers
v0x1bb19f8_0 .net *"_s38", 0 0, L_0x1bbebc8;  1 drivers
v0x1bb1a70_0 .net *"_s41", 0 0, L_0x1bbec78;  1 drivers
v0x1bb1ad8_0 .net *"_s45", 0 0, L_0x1bbed80;  1 drivers
v0x1bb1b50_0 .net *"_s47", 0 0, L_0x1bbedd8;  1 drivers
v0x1bb1bc8_0 .net *"_s48", 0 0, L_0x1bbed40;  1 drivers
v0x1bb1c40_0 .net *"_s5", 0 0, L_0x1bbe3b0;  1 drivers
v0x1bb1d20_0 .net *"_s54", 0 0, L_0x1bbefb0;  1 drivers
v0x1bb1d78_0 .net *"_s56", 0 0, L_0x1bbf058;  1 drivers
v0x1bb1df0_0 .net *"_s57", 0 0, L_0x1bbee68;  1 drivers
v0x1bb1e68_0 .net *"_s6", 0 0, L_0x1b7e8f0;  1 drivers
v0x1bb1ee0_0 .net *"_s60", 0 0, L_0x1bbf158;  1 drivers
v0x1bb1f58_0 .net *"_s62", 0 0, L_0x1bbf208;  1 drivers
v0x1bb1fd0_0 .net *"_s66", 0 0, L_0x1bbf2d0;  1 drivers
v0x1bb2048_0 .net *"_s67", 0 0, L_0x1bbf1b0;  1 drivers
v0x1bb20c0_0 .net *"_s70", 0 0, L_0x1bbf430;  1 drivers
v0x1bb2138_0 .net *"_s76", 0 0, L_0x1bbf570;  1 drivers
v0x1bb21b0_0 .net *"_s77", 0 0, L_0x1bbf360;  1 drivers
v0x1bb2228_0 .net *"_s83", 0 0, L_0x1bbf730;  1 drivers
v0x1bb22a0_0 .net *"_s84", 0 0, L_0x1bbf5c8;  1 drivers
v0x1bb2318_0 .net *"_s9", 0 0, L_0x1bbe4f0;  1 drivers
v0x1bb2380_0 .net "pos0", 1 0, v0x1bb0218_0;  alias, 1 drivers
v0x1bb23e8_0 .net "pos1", 1 0, v0x1bb0298_0;  alias, 1 drivers
v0x1bb1ca8_0 .net "pos2", 1 0, v0x1bb0338_0;  alias, 1 drivers
v0x1bb2548_0 .net "temp0", 1 0, L_0x1bbe548;  1 drivers
v0x1bb25b0_0 .net "temp1", 1 0, L_0x1bbea50;  1 drivers
v0x1bb2628_0 .net "temp2", 1 0, L_0x1bbef20;  1 drivers
v0x1bb26a0_0 .net "temp3", 0 0, L_0x1bbf008;  1 drivers
v0x1bb2708_0 .net "who", 1 0, L_0x1bbf668;  alias, 1 drivers
v0x1bb2780_0 .net "winner", 0 0, L_0x1bbf488;  alias, 1 drivers
L_0x1bbe338 .part v0x1bb0218_0, 1, 1;
L_0x1bbe3b0 .part v0x1bb0298_0, 1, 1;
L_0x1bbe4f0 .reduce/nor L_0x1b7e8f0;
L_0x1bbe548 .concat8 [ 1 1 0 0], L_0x1bbe798, L_0x1bbe4f0;
L_0x1bbe5d8 .part v0x1bb0218_0, 0, 1;
L_0x1bbe630 .part v0x1bb0298_0, 0, 1;
L_0x1bbe798 .reduce/nor L_0x1bbe6c8;
L_0x1bbe860 .part v0x1bb0338_0, 1, 1;
L_0x1bbe8b8 .part v0x1bb0298_0, 1, 1;
L_0x1bbe9c0 .reduce/nor L_0x1bbe910;
L_0x1bbea50 .concat8 [ 1 1 0 0], L_0x1bbec78, L_0x1bbe9c0;
L_0x1bbeae0 .part v0x1bb0338_0, 0, 1;
L_0x1bbeb70 .part v0x1bb0298_0, 0, 1;
L_0x1bbec78 .reduce/nor L_0x1bbebc8;
L_0x1bbed80 .part L_0x1bbe548, 1, 1;
L_0x1bbedd8 .part L_0x1bbea50, 1, 1;
L_0x1bbef20 .concat8 [ 1 1 0 0], L_0x1bbee68, L_0x1bbed40;
L_0x1bbefb0 .part L_0x1bbe548, 0, 1;
L_0x1bbf058 .part L_0x1bbea50, 0, 1;
L_0x1bbf158 .part v0x1bb0218_0, 1, 1;
L_0x1bbf208 .part v0x1bb0218_0, 0, 1;
L_0x1bbf2d0 .part L_0x1bbef20, 1, 1;
L_0x1bbf430 .part L_0x1bbef20, 0, 1;
L_0x1bbf570 .part v0x1bb0218_0, 1, 1;
L_0x1bbf668 .concat8 [ 1 1 0 0], L_0x1bbf5c8, L_0x1bbf360;
L_0x1bbf730 .part v0x1bb0218_0, 0, 1;
S_0x1bb2838 .scope module, "u2" "winner_detect_3" 3 366, 3 381 0, S_0x1bb1208;
 .timescale -9 -12;
    .port_info 0 /INPUT 2 "pos0"
    .port_info 1 /INPUT 2 "pos1"
    .port_info 2 /INPUT 2 "pos2"
    .port_info 3 /OUTPUT 1 "winner"
    .port_info 4 /OUTPUT 2 "who"
L_0x1bbf9b8 .functor XOR 1, L_0x1bbf898, L_0x1bb5b38, C4<0>, C4<0>;
L_0x1bbfc38 .functor XOR 1, L_0x1bbfb88, L_0x1bbfbe0, C4<0>, C4<0>;
L_0x1bbfe60 .functor XOR 1, L_0x1bbfdb0, L_0x1bbfe08, C4<0>, C4<0>;
L_0x1bc0148 .functor XOR 1, L_0x1bc0060, L_0x1bc00f0, C4<0>, C4<0>;
L_0x1bc02c0 .functor AND 1, L_0x1bc0300, L_0x1bc0358, C4<1>, C4<1>;
L_0x1bc03e8 .functor AND 1, L_0x1bc0530, L_0x1bc05d8, C4<1>, C4<1>;
L_0x1bc0588 .functor OR 1, L_0x1bc06d8, L_0x1bc0788, C4<0>, C4<0>;
L_0x1bc0730 .functor AND 1, L_0x1bc0588, L_0x1bc0850, C4<1>, C4<1>;
L_0x1bc0a08 .functor AND 1, L_0x1bc0730, L_0x1bc09b0, C4<1>, C4<1>;
L_0x1bc08e0 .functor AND 1, L_0x1bc0a08, L_0x1bc0af0, C4<1>, C4<1>;
L_0x1bc0b48 .functor AND 1, L_0x1bc0a08, L_0x1bc0cb0, C4<1>, C4<1>;
v0x1bb2950_0 .net *"_s14", 0 0, L_0x1bbfb88;  1 drivers
v0x1bb29c8_0 .net *"_s16", 0 0, L_0x1bbfbe0;  1 drivers
v0x1bb2a40_0 .net *"_s17", 0 0, L_0x1bbfc38;  1 drivers
v0x1bb2ac0_0 .net *"_s20", 0 0, L_0x1bbfce8;  1 drivers
v0x1bb2b28_0 .net *"_s24", 0 0, L_0x1bbfdb0;  1 drivers
v0x1bb2bc8_0 .net *"_s26", 0 0, L_0x1bbfe08;  1 drivers
v0x1bb2c40_0 .net *"_s27", 0 0, L_0x1bbfe60;  1 drivers
v0x1bb2cb8_0 .net *"_s3", 0 0, L_0x1bbf898;  1 drivers
v0x1bb2d30_0 .net *"_s30", 0 0, L_0x1bbff10;  1 drivers
v0x1bb2de0_0 .net *"_s35", 0 0, L_0x1bc0060;  1 drivers
v0x1bb2e58_0 .net *"_s37", 0 0, L_0x1bc00f0;  1 drivers
v0x1bb2ed0_0 .net *"_s38", 0 0, L_0x1bc0148;  1 drivers
v0x1bb2f48_0 .net *"_s41", 0 0, L_0x1bc01f8;  1 drivers
v0x1bb2fb0_0 .net *"_s45", 0 0, L_0x1bc0300;  1 drivers
v0x1bb3028_0 .net *"_s47", 0 0, L_0x1bc0358;  1 drivers
v0x1bb30a0_0 .net *"_s48", 0 0, L_0x1bc02c0;  1 drivers
v0x1bb3118_0 .net *"_s5", 0 0, L_0x1bb5b38;  1 drivers
v0x1bb31f8_0 .net *"_s54", 0 0, L_0x1bc0530;  1 drivers
v0x1bb3250_0 .net *"_s56", 0 0, L_0x1bc05d8;  1 drivers
v0x1bb32c8_0 .net *"_s57", 0 0, L_0x1bc03e8;  1 drivers
v0x1bb3340_0 .net *"_s6", 0 0, L_0x1bbf9b8;  1 drivers
v0x1bb33b8_0 .net *"_s60", 0 0, L_0x1bc06d8;  1 drivers
v0x1bb3430_0 .net *"_s62", 0 0, L_0x1bc0788;  1 drivers
v0x1bb34a8_0 .net *"_s66", 0 0, L_0x1bc0850;  1 drivers
v0x1bb3520_0 .net *"_s67", 0 0, L_0x1bc0730;  1 drivers
v0x1bb3598_0 .net *"_s70", 0 0, L_0x1bc09b0;  1 drivers
v0x1bb3610_0 .net *"_s76", 0 0, L_0x1bc0af0;  1 drivers
v0x1bb3688_0 .net *"_s77", 0 0, L_0x1bc08e0;  1 drivers
v0x1bb3700_0 .net *"_s83", 0 0, L_0x1bc0cb0;  1 drivers
v0x1bb3778_0 .net *"_s84", 0 0, L_0x1bc0b48;  1 drivers
v0x1bb37f0_0 .net *"_s9", 0 0, L_0x1bbfa68;  1 drivers
v0x1bb3858_0 .net "pos0", 1 0, v0x1bb03d8_0;  alias, 1 drivers
v0x1bb38c0_0 .net "pos1", 1 0, v0x1bb0478_0;  alias, 1 drivers
v0x1bb3180_0 .net "pos2", 1 0, v0x1bb0560_0;  alias, 1 drivers
v0x1bb3a20_0 .net "temp0", 1 0, L_0x1bbfaf8;  1 drivers
v0x1bb3a88_0 .net "temp1", 1 0, L_0x1bbffd0;  1 drivers
v0x1bb3b00_0 .net "temp2", 1 0, L_0x1bc04a0;  1 drivers
v0x1bb3b78_0 .net "temp3", 0 0, L_0x1bc0588;  1 drivers
v0x1bb3be0_0 .net "who", 1 0, L_0x1bc0be8;  alias, 1 drivers
v0x1bb3c58_0 .net "winner", 0 0, L_0x1bc0a08;  alias, 1 drivers
L_0x1bbf898 .part v0x1bb03d8_0, 1, 1;
L_0x1bb5b38 .part v0x1bb0478_0, 1, 1;
L_0x1bbfa68 .reduce/nor L_0x1bbf9b8;
L_0x1bbfaf8 .concat8 [ 1 1 0 0], L_0x1bbfce8, L_0x1bbfa68;
L_0x1bbfb88 .part v0x1bb03d8_0, 0, 1;
L_0x1bbfbe0 .part v0x1bb0478_0, 0, 1;
L_0x1bbfce8 .reduce/nor L_0x1bbfc38;
L_0x1bbfdb0 .part v0x1bb0560_0, 1, 1;
L_0x1bbfe08 .part v0x1bb0478_0, 1, 1;
L_0x1bbff10 .reduce/nor L_0x1bbfe60;
L_0x1bbffd0 .concat8 [ 1 1 0 0], L_0x1bc01f8, L_0x1bbff10;
L_0x1bc0060 .part v0x1bb0560_0, 0, 1;
L_0x1bc00f0 .part v0x1bb0478_0, 0, 1;
L_0x1bc01f8 .reduce/nor L_0x1bc0148;
L_0x1bc0300 .part L_0x1bbfaf8, 1, 1;
L_0x1bc0358 .part L_0x1bbffd0, 1, 1;
L_0x1bc04a0 .concat8 [ 1 1 0 0], L_0x1bc03e8, L_0x1bc02c0;
L_0x1bc0530 .part L_0x1bbfaf8, 0, 1;
L_0x1bc05d8 .part L_0x1bbffd0, 0, 1;
L_0x1bc06d8 .part v0x1bb03d8_0, 1, 1;
L_0x1bc0788 .part v0x1bb03d8_0, 0, 1;
L_0x1bc0850 .part L_0x1bc04a0, 1, 1;
L_0x1bc09b0 .part L_0x1bc04a0, 0, 1;
L_0x1bc0af0 .part v0x1bb03d8_0, 1, 1;
L_0x1bc0be8 .concat8 [ 1 1 0 0], L_0x1bc0b48, L_0x1bc08e0;
L_0x1bc0cb0 .part v0x1bb03d8_0, 0, 1;
S_0x1bb3d10 .scope module, "u3" "winner_detect_3" 3 367, 3 381 0, S_0x1bb1208;
 .timescale -9 -12;
    .port_info 0 /INPUT 2 "pos0"
    .port_info 1 /INPUT 2 "pos1"
    .port_info 2 /INPUT 2 "pos2"
    .port_info 3 /OUTPUT 1 "winner"
    .port_info 4 /OUTPUT 2 "who"
L_0x1bbe688 .functor XOR 1, L_0x1bc0e18, L_0x1bb6498, C4<0>, C4<0>;
L_0x1bc1208 .functor XOR 1, L_0x1bc1158, L_0x1bc11b0, C4<0>, C4<0>;
L_0x1bc1430 .functor XOR 1, L_0x1bc1380, L_0x1bc13d8, C4<0>, C4<0>;
L_0x1bc16e8 .functor XOR 1, L_0x1bc1600, L_0x1bc1690, C4<0>, C4<0>;
L_0x1bc1860 .functor AND 1, L_0x1bc18a0, L_0x1bc18f8, C4<1>, C4<1>;
L_0x1bc1988 .functor AND 1, L_0x1bc1ad0, L_0x1bc1b78, C4<1>, C4<1>;
L_0x1bc1b28 .functor OR 1, L_0x1bc1c78, L_0x1bc1d28, C4<0>, C4<0>;
L_0x1bc1cd0 .functor AND 1, L_0x1bc1b28, L_0x1bc1df0, C4<1>, C4<1>;
L_0x1bc1fa8 .functor AND 1, L_0x1bc1cd0, L_0x1bc1f50, C4<1>, C4<1>;
L_0x1bc1e80 .functor AND 1, L_0x1bc1fa8, L_0x1bc2090, C4<1>, C4<1>;
L_0x1bc20e8 .functor AND 1, L_0x1bc1fa8, L_0x1bc2250, C4<1>, C4<1>;
v0x1bb3e30_0 .net *"_s14", 0 0, L_0x1bc1158;  1 drivers
v0x1bb3ea8_0 .net *"_s16", 0 0, L_0x1bc11b0;  1 drivers
v0x1bb3f20_0 .net *"_s17", 0 0, L_0x1bc1208;  1 drivers
v0x1bb3fa0_0 .net *"_s20", 0 0, L_0x1bc12b8;  1 drivers
v0x1bb4008_0 .net *"_s24", 0 0, L_0x1bc1380;  1 drivers
v0x1bb40a8_0 .net *"_s26", 0 0, L_0x1bc13d8;  1 drivers
v0x1bb4120_0 .net *"_s27", 0 0, L_0x1bc1430;  1 drivers
v0x1bb4198_0 .net *"_s3", 0 0, L_0x1bc0e18;  1 drivers
v0x1bb4210_0 .net *"_s30", 0 0, L_0x1bc14e0;  1 drivers
v0x1bb42c0_0 .net *"_s35", 0 0, L_0x1bc1600;  1 drivers
v0x1bb4338_0 .net *"_s37", 0 0, L_0x1bc1690;  1 drivers
v0x1bb43b0_0 .net *"_s38", 0 0, L_0x1bc16e8;  1 drivers
v0x1bb4428_0 .net *"_s41", 0 0, L_0x1bc1798;  1 drivers
v0x1bb4490_0 .net *"_s45", 0 0, L_0x1bc18a0;  1 drivers
v0x1bb4508_0 .net *"_s47", 0 0, L_0x1bc18f8;  1 drivers
v0x1bb4580_0 .net *"_s48", 0 0, L_0x1bc1860;  1 drivers
v0x1bb45f8_0 .net *"_s5", 0 0, L_0x1bb6498;  1 drivers
v0x1bb46d8_0 .net *"_s54", 0 0, L_0x1bc1ad0;  1 drivers
v0x1bb4730_0 .net *"_s56", 0 0, L_0x1bc1b78;  1 drivers
v0x1bb47a8_0 .net *"_s57", 0 0, L_0x1bc1988;  1 drivers
v0x1bb4820_0 .net *"_s6", 0 0, L_0x1bbe688;  1 drivers
v0x1bb4898_0 .net *"_s60", 0 0, L_0x1bc1c78;  1 drivers
v0x1bb4910_0 .net *"_s62", 0 0, L_0x1bc1d28;  1 drivers
v0x1bb4988_0 .net *"_s66", 0 0, L_0x1bc1df0;  1 drivers
v0x1bb4a00_0 .net *"_s67", 0 0, L_0x1bc1cd0;  1 drivers
v0x1bb4a78_0 .net *"_s70", 0 0, L_0x1bc1f50;  1 drivers
v0x1bb4af0_0 .net *"_s76", 0 0, L_0x1bc2090;  1 drivers
v0x1bb4b68_0 .net *"_s77", 0 0, L_0x1bc1e80;  1 drivers
v0x1bb4be0_0 .net *"_s83", 0 0, L_0x1bc2250;  1 drivers
v0x1bb4c58_0 .net *"_s84", 0 0, L_0x1bc20e8;  1 drivers
v0x1bb4cd0_0 .net *"_s9", 0 0, L_0x1bc1038;  1 drivers
v0x1bb4d38_0 .net "pos0", 1 0, v0x1bb0600_0;  alias, 1 drivers
v0x1bb4da0_0 .net "pos1", 1 0, v0x1bb06a0_0;  alias, 1 drivers
v0x1bb4660_0 .net "pos2", 1 0, v0x1bb0740_0;  alias, 1 drivers
v0x1bb4f00_0 .net "temp0", 1 0, L_0x1bc10c8;  1 drivers
v0x1bb4f68_0 .net "temp1", 1 0, L_0x1bc1570;  1 drivers
v0x1bb4fe0_0 .net "temp2", 1 0, L_0x1bc1a40;  1 drivers
v0x1bb5058_0 .net "temp3", 0 0, L_0x1bc1b28;  1 drivers
v0x1bb50c0_0 .net "who", 1 0, L_0x1bc2188;  alias, 1 drivers
v0x1bb5138_0 .net "winner", 0 0, L_0x1bc1fa8;  alias, 1 drivers
L_0x1bc0e18 .part v0x1bb0600_0, 1, 1;
L_0x1bb6498 .part v0x1bb06a0_0, 1, 1;
L_0x1bc1038 .reduce/nor L_0x1bbe688;
L_0x1bc10c8 .concat8 [ 1 1 0 0], L_0x1bc12b8, L_0x1bc1038;
L_0x1bc1158 .part v0x1bb0600_0, 0, 1;
L_0x1bc11b0 .part v0x1bb06a0_0, 0, 1;
L_0x1bc12b8 .reduce/nor L_0x1bc1208;
L_0x1bc1380 .part v0x1bb0740_0, 1, 1;
L_0x1bc13d8 .part v0x1bb06a0_0, 1, 1;
L_0x1bc14e0 .reduce/nor L_0x1bc1430;
L_0x1bc1570 .concat8 [ 1 1 0 0], L_0x1bc1798, L_0x1bc14e0;
L_0x1bc1600 .part v0x1bb0740_0, 0, 1;
L_0x1bc1690 .part v0x1bb06a0_0, 0, 1;
L_0x1bc1798 .reduce/nor L_0x1bc16e8;
L_0x1bc18a0 .part L_0x1bc10c8, 1, 1;
L_0x1bc18f8 .part L_0x1bc1570, 1, 1;
L_0x1bc1a40 .concat8 [ 1 1 0 0], L_0x1bc1988, L_0x1bc1860;
L_0x1bc1ad0 .part L_0x1bc10c8, 0, 1;
L_0x1bc1b78 .part L_0x1bc1570, 0, 1;
L_0x1bc1c78 .part v0x1bb0600_0, 1, 1;
L_0x1bc1d28 .part v0x1bb0600_0, 0, 1;
L_0x1bc1df0 .part L_0x1bc1a40, 1, 1;
L_0x1bc1f50 .part L_0x1bc1a40, 0, 1;
L_0x1bc2090 .part v0x1bb0600_0, 1, 1;
L_0x1bc2188 .concat8 [ 1 1 0 0], L_0x1bc20e8, L_0x1bc1e80;
L_0x1bc2250 .part v0x1bb0600_0, 0, 1;
S_0x1bb51f0 .scope module, "u4" "winner_detect_3" 3 368, 3 381 0, S_0x1bb1208;
 .timescale -9 -12;
    .port_info 0 /INPUT 2 "pos0"
    .port_info 1 /INPUT 2 "pos1"
    .port_info 2 /INPUT 2 "pos2"
    .port_info 3 /OUTPUT 1 "winner"
    .port_info 4 /OUTPUT 2 "who"
L_0x1bc2468 .functor XOR 1, L_0x1bc23b8, L_0x1bc2410, C4<0>, C4<0>;
L_0x1bbdd08 .functor XOR 1, L_0x1bc2638, L_0x1bbdcb0, C4<0>, C4<0>;
L_0x1bbf8f0 .functor XOR 1, L_0x1bc2950, L_0x1bc29a8, C4<0>, C4<0>;
L_0x1bc2d90 .functor XOR 1, L_0x1bc2ca8, L_0x1bc2d38, C4<0>, C4<0>;
L_0x1bc2f08 .functor AND 1, L_0x1bc2f48, L_0x1bc2fa0, C4<1>, C4<1>;
L_0x1bc3030 .functor AND 1, L_0x1bc3178, L_0x1bc3220, C4<1>, C4<1>;
L_0x1bc31d0 .functor OR 1, L_0x1bc3320, L_0x1bc33d0, C4<0>, C4<0>;
L_0x1bc3378 .functor AND 1, L_0x1bc31d0, L_0x1bc3498, C4<1>, C4<1>;
L_0x1bc3650 .functor AND 1, L_0x1bc3378, L_0x1bc35f8, C4<1>, C4<1>;
L_0x1bc3528 .functor AND 1, L_0x1bc3650, L_0x1bc3738, C4<1>, C4<1>;
L_0x1bc3790 .functor AND 1, L_0x1bc3650, L_0x1bc38f8, C4<1>, C4<1>;
v0x1bb52f8_0 .net *"_s14", 0 0, L_0x1bc2638;  1 drivers
v0x1bb5380_0 .net *"_s16", 0 0, L_0x1bbdcb0;  1 drivers
v0x1bb53f8_0 .net *"_s17", 0 0, L_0x1bbdd08;  1 drivers
v0x1bb5478_0 .net *"_s20", 0 0, L_0x1bc2888;  1 drivers
v0x1bb54e0_0 .net *"_s24", 0 0, L_0x1bc2950;  1 drivers
v0x1bb5580_0 .net *"_s26", 0 0, L_0x1bc29a8;  1 drivers
v0x1bb55f8_0 .net *"_s27", 0 0, L_0x1bbf8f0;  1 drivers
v0x1bb5670_0 .net *"_s3", 0 0, L_0x1bc23b8;  1 drivers
v0x1bb56e8_0 .net *"_s30", 0 0, L_0x1bc2b88;  1 drivers
v0x1bb5798_0 .net *"_s35", 0 0, L_0x1bc2ca8;  1 drivers
v0x1bb5810_0 .net *"_s37", 0 0, L_0x1bc2d38;  1 drivers
v0x1bb5888_0 .net *"_s38", 0 0, L_0x1bc2d90;  1 drivers
v0x1bb5900_0 .net *"_s41", 0 0, L_0x1bc2e40;  1 drivers
v0x1bb5968_0 .net *"_s45", 0 0, L_0x1bc2f48;  1 drivers
v0x1bb59e0_0 .net *"_s47", 0 0, L_0x1bc2fa0;  1 drivers
v0x1bb5a58_0 .net *"_s48", 0 0, L_0x1bc2f08;  1 drivers
v0x1bb5ad0_0 .net *"_s5", 0 0, L_0x1bc2410;  1 drivers
v0x1bb5bb0_0 .net *"_s54", 0 0, L_0x1bc3178;  1 drivers
v0x1bb5c08_0 .net *"_s56", 0 0, L_0x1bc3220;  1 drivers
v0x1bb5c80_0 .net *"_s57", 0 0, L_0x1bc3030;  1 drivers
v0x1bb5cf8_0 .net *"_s6", 0 0, L_0x1bc2468;  1 drivers
v0x1bb5d70_0 .net *"_s60", 0 0, L_0x1bc3320;  1 drivers
v0x1bb5de8_0 .net *"_s62", 0 0, L_0x1bc33d0;  1 drivers
v0x1bb5e60_0 .net *"_s66", 0 0, L_0x1bc3498;  1 drivers
v0x1bb5ed8_0 .net *"_s67", 0 0, L_0x1bc3378;  1 drivers
v0x1bb5f50_0 .net *"_s70", 0 0, L_0x1bc35f8;  1 drivers
v0x1bb5fc8_0 .net *"_s76", 0 0, L_0x1bc3738;  1 drivers
v0x1bb6040_0 .net *"_s77", 0 0, L_0x1bc3528;  1 drivers
v0x1bb60b8_0 .net *"_s83", 0 0, L_0x1bc38f8;  1 drivers
v0x1bb6130_0 .net *"_s84", 0 0, L_0x1bc3790;  1 drivers
v0x1bb61a8_0 .net *"_s9", 0 0, L_0x1bc2518;  1 drivers
v0x1bb6210_0 .net "pos0", 1 0, v0x1bb0218_0;  alias, 1 drivers
v0x1bb62e0_0 .net "pos1", 1 0, v0x1bb03d8_0;  alias, 1 drivers
v0x1bb6440_0 .net "pos2", 1 0, v0x1bb0600_0;  alias, 1 drivers
v0x1bb6500_0 .net "temp0", 1 0, L_0x1bc25a8;  1 drivers
v0x1bb6578_0 .net "temp1", 1 0, L_0x1bc2c18;  1 drivers
v0x1bb65f0_0 .net "temp2", 1 0, L_0x1bc30e8;  1 drivers
v0x1bb6668_0 .net "temp3", 0 0, L_0x1bc31d0;  1 drivers
v0x1bb66d0_0 .net "who", 1 0, L_0x1bc3830;  alias, 1 drivers
v0x1bb6748_0 .net "winner", 0 0, L_0x1bc3650;  alias, 1 drivers
L_0x1bc23b8 .part v0x1bb0218_0, 1, 1;
L_0x1bc2410 .part v0x1bb03d8_0, 1, 1;
L_0x1bc2518 .reduce/nor L_0x1bc2468;
L_0x1bc25a8 .concat8 [ 1 1 0 0], L_0x1bc2888, L_0x1bc2518;
L_0x1bc2638 .part v0x1bb0218_0, 0, 1;
L_0x1bbdcb0 .part v0x1bb03d8_0, 0, 1;
L_0x1bc2888 .reduce/nor L_0x1bbdd08;
L_0x1bc2950 .part v0x1bb0600_0, 1, 1;
L_0x1bc29a8 .part v0x1bb03d8_0, 1, 1;
L_0x1bc2b88 .reduce/nor L_0x1bbf8f0;
L_0x1bc2c18 .concat8 [ 1 1 0 0], L_0x1bc2e40, L_0x1bc2b88;
L_0x1bc2ca8 .part v0x1bb0600_0, 0, 1;
L_0x1bc2d38 .part v0x1bb03d8_0, 0, 1;
L_0x1bc2e40 .reduce/nor L_0x1bc2d90;
L_0x1bc2f48 .part L_0x1bc25a8, 1, 1;
L_0x1bc2fa0 .part L_0x1bc2c18, 1, 1;
L_0x1bc30e8 .concat8 [ 1 1 0 0], L_0x1bc3030, L_0x1bc2f08;
L_0x1bc3178 .part L_0x1bc25a8, 0, 1;
L_0x1bc3220 .part L_0x1bc2c18, 0, 1;
L_0x1bc3320 .part v0x1bb0218_0, 1, 1;
L_0x1bc33d0 .part v0x1bb0218_0, 0, 1;
L_0x1bc3498 .part L_0x1bc30e8, 1, 1;
L_0x1bc35f8 .part L_0x1bc30e8, 0, 1;
L_0x1bc3738 .part v0x1bb0218_0, 1, 1;
L_0x1bc3830 .concat8 [ 1 1 0 0], L_0x1bc3790, L_0x1bc3528;
L_0x1bc38f8 .part v0x1bb0218_0, 0, 1;
S_0x1bb6800 .scope module, "u5" "winner_detect_3" 3 369, 3 381 0, S_0x1bb1208;
 .timescale -9 -12;
    .port_info 0 /INPUT 2 "pos0"
    .port_info 1 /INPUT 2 "pos1"
    .port_info 2 /INPUT 2 "pos2"
    .port_info 3 /OUTPUT 1 "winner"
    .port_info 4 /OUTPUT 2 "who"
L_0x1bc3b10 .functor XOR 1, L_0x1bc3a60, L_0x1bc3ab8, C4<0>, C4<0>;
L_0x1bc3d90 .functor XOR 1, L_0x1bc3ce0, L_0x1bc3d38, C4<0>, C4<0>;
L_0x1bbd658 .functor XOR 1, L_0x1bc3f08, L_0x1bc3f60, C4<0>, C4<0>;
L_0x1bc4378 .functor XOR 1, L_0x1bc4290, L_0x1bc4320, C4<0>, C4<0>;
L_0x1bc44f0 .functor AND 1, L_0x1bc4530, L_0x1bc4588, C4<1>, C4<1>;
L_0x1bc4618 .functor AND 1, L_0x1bc4760, L_0x1bc4808, C4<1>, C4<1>;
L_0x1bc47b8 .functor OR 1, L_0x1bc4908, L_0x1bc49b8, C4<0>, C4<0>;
L_0x1bc4960 .functor AND 1, L_0x1bc47b8, L_0x1bc4a80, C4<1>, C4<1>;
L_0x1bc4c38 .functor AND 1, L_0x1bc4960, L_0x1bc4be0, C4<1>, C4<1>;
L_0x1bc4b10 .functor AND 1, L_0x1bc4c38, L_0x1bc4d20, C4<1>, C4<1>;
L_0x1bbe408 .functor AND 1, L_0x1bc4c38, L_0x1bc4f90, C4<1>, C4<1>;
v0x1bb6930_0 .net *"_s14", 0 0, L_0x1bc3ce0;  1 drivers
v0x1bb69b8_0 .net *"_s16", 0 0, L_0x1bc3d38;  1 drivers
v0x1bb6a30_0 .net *"_s17", 0 0, L_0x1bc3d90;  1 drivers
v0x1bb6a98_0 .net *"_s20", 0 0, L_0x1bc3e40;  1 drivers
v0x1bb6b00_0 .net *"_s24", 0 0, L_0x1bc3f08;  1 drivers
v0x1bb6ba0_0 .net *"_s26", 0 0, L_0x1bc3f60;  1 drivers
v0x1bb6c18_0 .net *"_s27", 0 0, L_0x1bbd658;  1 drivers
v0x1bb6c90_0 .net *"_s3", 0 0, L_0x1bc3a60;  1 drivers
v0x1bb6d08_0 .net *"_s30", 0 0, L_0x1bc4140;  1 drivers
v0x1bb6db8_0 .net *"_s35", 0 0, L_0x1bc4290;  1 drivers
v0x1bb6e30_0 .net *"_s37", 0 0, L_0x1bc4320;  1 drivers
v0x1bb6ea8_0 .net *"_s38", 0 0, L_0x1bc4378;  1 drivers
v0x1bb6f20_0 .net *"_s41", 0 0, L_0x1bc4428;  1 drivers
v0x1bb6f88_0 .net *"_s45", 0 0, L_0x1bc4530;  1 drivers
v0x1bb7000_0 .net *"_s47", 0 0, L_0x1bc4588;  1 drivers
v0x1bb7078_0 .net *"_s48", 0 0, L_0x1bc44f0;  1 drivers
v0x1bb70f0_0 .net *"_s5", 0 0, L_0x1bc3ab8;  1 drivers
v0x1bb71d0_0 .net *"_s54", 0 0, L_0x1bc4760;  1 drivers
v0x1bb7228_0 .net *"_s56", 0 0, L_0x1bc4808;  1 drivers
v0x1bb72a0_0 .net *"_s57", 0 0, L_0x1bc4618;  1 drivers
v0x1bb7318_0 .net *"_s6", 0 0, L_0x1bc3b10;  1 drivers
v0x1bb7390_0 .net *"_s60", 0 0, L_0x1bc4908;  1 drivers
v0x1bb7408_0 .net *"_s62", 0 0, L_0x1bc49b8;  1 drivers
v0x1bb7480_0 .net *"_s66", 0 0, L_0x1bc4a80;  1 drivers
v0x1bb74f8_0 .net *"_s67", 0 0, L_0x1bc4960;  1 drivers
v0x1bb7570_0 .net *"_s70", 0 0, L_0x1bc4be0;  1 drivers
v0x1bb75e8_0 .net *"_s76", 0 0, L_0x1bc4d20;  1 drivers
v0x1bb7660_0 .net *"_s77", 0 0, L_0x1bc4b10;  1 drivers
v0x1bb76d8_0 .net *"_s83", 0 0, L_0x1bc4f90;  1 drivers
v0x1bb7750_0 .net *"_s84", 0 0, L_0x1bbe408;  1 drivers
v0x1bb77c8_0 .net *"_s9", 0 0, L_0x1bc3bc0;  1 drivers
v0x1bb7830_0 .net "pos0", 1 0, v0x1bb0298_0;  alias, 1 drivers
v0x1bb7900_0 .net "pos1", 1 0, v0x1bb0478_0;  alias, 1 drivers
v0x1bb7a60_0 .net "pos2", 1 0, v0x1bb06a0_0;  alias, 1 drivers
v0x1bb7b20_0 .net "temp0", 1 0, L_0x1bc3c50;  1 drivers
v0x1bb7b98_0 .net "temp1", 1 0, L_0x1bc4200;  1 drivers
v0x1bb7c10_0 .net "temp2", 1 0, L_0x1bc46d0;  1 drivers
v0x1bb7c88_0 .net "temp3", 0 0, L_0x1bc47b8;  1 drivers
v0x1bb7cf0_0 .net "who", 1 0, L_0x1bc4f00;  alias, 1 drivers
v0x1bb7d68_0 .net "winner", 0 0, L_0x1bc4c38;  alias, 1 drivers
L_0x1bc3a60 .part v0x1bb0298_0, 1, 1;
L_0x1bc3ab8 .part v0x1bb0478_0, 1, 1;
L_0x1bc3bc0 .reduce/nor L_0x1bc3b10;
L_0x1bc3c50 .concat8 [ 1 1 0 0], L_0x1bc3e40, L_0x1bc3bc0;
L_0x1bc3ce0 .part v0x1bb0298_0, 0, 1;
L_0x1bc3d38 .part v0x1bb0478_0, 0, 1;
L_0x1bc3e40 .reduce/nor L_0x1bc3d90;
L_0x1bc3f08 .part v0x1bb06a0_0, 1, 1;
L_0x1bc3f60 .part v0x1bb0478_0, 1, 1;
L_0x1bc4140 .reduce/nor L_0x1bbd658;
L_0x1bc4200 .concat8 [ 1 1 0 0], L_0x1bc4428, L_0x1bc4140;
L_0x1bc4290 .part v0x1bb06a0_0, 0, 1;
L_0x1bc4320 .part v0x1bb0478_0, 0, 1;
L_0x1bc4428 .reduce/nor L_0x1bc4378;
L_0x1bc4530 .part L_0x1bc3c50, 1, 1;
L_0x1bc4588 .part L_0x1bc4200, 1, 1;
L_0x1bc46d0 .concat8 [ 1 1 0 0], L_0x1bc4618, L_0x1bc44f0;
L_0x1bc4760 .part L_0x1bc3c50, 0, 1;
L_0x1bc4808 .part L_0x1bc4200, 0, 1;
L_0x1bc4908 .part v0x1bb0298_0, 1, 1;
L_0x1bc49b8 .part v0x1bb0298_0, 0, 1;
L_0x1bc4a80 .part L_0x1bc46d0, 1, 1;
L_0x1bc4be0 .part L_0x1bc46d0, 0, 1;
L_0x1bc4d20 .part v0x1bb0298_0, 1, 1;
L_0x1bc4f00 .concat8 [ 1 1 0 0], L_0x1bbe408, L_0x1bc4b10;
L_0x1bc4f90 .part v0x1bb0298_0, 0, 1;
S_0x1bb7e20 .scope module, "u6" "winner_detect_3" 3 370, 3 381 0, S_0x1bb1208;
 .timescale -9 -12;
    .port_info 0 /INPUT 2 "pos0"
    .port_info 1 /INPUT 2 "pos1"
    .port_info 2 /INPUT 2 "pos2"
    .port_info 3 /OUTPUT 1 "winner"
    .port_info 4 /OUTPUT 2 "who"
L_0x1bc51a8 .functor XOR 1, L_0x1bc50f8, L_0x1bc5150, C4<0>, C4<0>;
L_0x1bc5428 .functor XOR 1, L_0x1bc5378, L_0x1bc53d0, C4<0>, C4<0>;
L_0x1bc5650 .functor XOR 1, L_0x1bc55a0, L_0x1bc55f8, C4<0>, C4<0>;
L_0x1bc5938 .functor XOR 1, L_0x1bc5850, L_0x1bc58e0, C4<0>, C4<0>;
L_0x1bc5ab0 .functor AND 1, L_0x1bc5af0, L_0x1bc5b48, C4<1>, C4<1>;
L_0x1bc5bd8 .functor AND 1, L_0x1bc5d20, L_0x1bc5dc8, C4<1>, C4<1>;
L_0x1bc5d78 .functor OR 1, L_0x1bc5ec8, L_0x1bc5f78, C4<0>, C4<0>;
L_0x1bc5f20 .functor AND 1, L_0x1bc5d78, L_0x1bc6040, C4<1>, C4<1>;
L_0x1bc61f8 .functor AND 1, L_0x1bc5f20, L_0x1bc61a0, C4<1>, C4<1>;
L_0x1bc60d0 .functor AND 1, L_0x1bc61f8, L_0x1bc62e0, C4<1>, C4<1>;
L_0x1bbde40 .functor AND 1, L_0x1bc61f8, L_0x1bc64a0, C4<1>, C4<1>;
v0x1bb7f28_0 .net *"_s14", 0 0, L_0x1bc5378;  1 drivers
v0x1bb7fb0_0 .net *"_s16", 0 0, L_0x1bc53d0;  1 drivers
v0x1bb8028_0 .net *"_s17", 0 0, L_0x1bc5428;  1 drivers
v0x1bb80a8_0 .net *"_s20", 0 0, L_0x1bc54d8;  1 drivers
v0x1bb8110_0 .net *"_s24", 0 0, L_0x1bc55a0;  1 drivers
v0x1bb81b0_0 .net *"_s26", 0 0, L_0x1bc55f8;  1 drivers
v0x1bb8228_0 .net *"_s27", 0 0, L_0x1bc5650;  1 drivers
v0x1bb82a0_0 .net *"_s3", 0 0, L_0x1bc50f8;  1 drivers
v0x1bb8318_0 .net *"_s30", 0 0, L_0x1bc5700;  1 drivers
v0x1bb83c8_0 .net *"_s35", 0 0, L_0x1bc5850;  1 drivers
v0x1bb8440_0 .net *"_s37", 0 0, L_0x1bc58e0;  1 drivers
v0x1bb84b8_0 .net *"_s38", 0 0, L_0x1bc5938;  1 drivers
v0x1bb8530_0 .net *"_s41", 0 0, L_0x1bc59e8;  1 drivers
v0x1bb8598_0 .net *"_s45", 0 0, L_0x1bc5af0;  1 drivers
v0x1bb8610_0 .net *"_s47", 0 0, L_0x1bc5b48;  1 drivers
v0x1bb8688_0 .net *"_s48", 0 0, L_0x1bc5ab0;  1 drivers
v0x1bb8700_0 .net *"_s5", 0 0, L_0x1bc5150;  1 drivers
v0x1bb87e0_0 .net *"_s54", 0 0, L_0x1bc5d20;  1 drivers
v0x1bb8838_0 .net *"_s56", 0 0, L_0x1bc5dc8;  1 drivers
v0x1bb88b0_0 .net *"_s57", 0 0, L_0x1bc5bd8;  1 drivers
v0x1bb8928_0 .net *"_s6", 0 0, L_0x1bc51a8;  1 drivers
v0x1bb89a0_0 .net *"_s60", 0 0, L_0x1bc5ec8;  1 drivers
v0x1bb8a18_0 .net *"_s62", 0 0, L_0x1bc5f78;  1 drivers
v0x1bb8a90_0 .net *"_s66", 0 0, L_0x1bc6040;  1 drivers
v0x1bb8b08_0 .net *"_s67", 0 0, L_0x1bc5f20;  1 drivers
v0x1bb8b80_0 .net *"_s70", 0 0, L_0x1bc61a0;  1 drivers
v0x1bb8bf8_0 .net *"_s76", 0 0, L_0x1bc62e0;  1 drivers
v0x1bb8c70_0 .net *"_s77", 0 0, L_0x1bc60d0;  1 drivers
v0x1bb8ce8_0 .net *"_s83", 0 0, L_0x1bc64a0;  1 drivers
v0x1bb8d60_0 .net *"_s84", 0 0, L_0x1bbde40;  1 drivers
v0x1bb8dd8_0 .net *"_s9", 0 0, L_0x1bc5258;  1 drivers
v0x1bb8e40_0 .net "pos0", 1 0, v0x1bb0338_0;  alias, 1 drivers
v0x1bb8f10_0 .net "pos1", 1 0, v0x1bb0560_0;  alias, 1 drivers
v0x1bb9070_0 .net "pos2", 1 0, v0x1bb0740_0;  alias, 1 drivers
v0x1bb9130_0 .net "temp0", 1 0, L_0x1bc52e8;  1 drivers
v0x1bb91a8_0 .net "temp1", 1 0, L_0x1bc57c0;  1 drivers
v0x1bb9220_0 .net "temp2", 1 0, L_0x1bc5c90;  1 drivers
v0x1bb9298_0 .net "temp3", 0 0, L_0x1bc5d78;  1 drivers
v0x1bb9300_0 .net "who", 1 0, L_0x1bc63d8;  alias, 1 drivers
v0x1bb9378_0 .net "winner", 0 0, L_0x1bc61f8;  alias, 1 drivers
L_0x1bc50f8 .part v0x1bb0338_0, 1, 1;
L_0x1bc5150 .part v0x1bb0560_0, 1, 1;
L_0x1bc5258 .reduce/nor L_0x1bc51a8;
L_0x1bc52e8 .concat8 [ 1 1 0 0], L_0x1bc54d8, L_0x1bc5258;
L_0x1bc5378 .part v0x1bb0338_0, 0, 1;
L_0x1bc53d0 .part v0x1bb0560_0, 0, 1;
L_0x1bc54d8 .reduce/nor L_0x1bc5428;
L_0x1bc55a0 .part v0x1bb0740_0, 1, 1;
L_0x1bc55f8 .part v0x1bb0560_0, 1, 1;
L_0x1bc5700 .reduce/nor L_0x1bc5650;
L_0x1bc57c0 .concat8 [ 1 1 0 0], L_0x1bc59e8, L_0x1bc5700;
L_0x1bc5850 .part v0x1bb0740_0, 0, 1;
L_0x1bc58e0 .part v0x1bb0560_0, 0, 1;
L_0x1bc59e8 .reduce/nor L_0x1bc5938;
L_0x1bc5af0 .part L_0x1bc52e8, 1, 1;
L_0x1bc5b48 .part L_0x1bc57c0, 1, 1;
L_0x1bc5c90 .concat8 [ 1 1 0 0], L_0x1bc5bd8, L_0x1bc5ab0;
L_0x1bc5d20 .part L_0x1bc52e8, 0, 1;
L_0x1bc5dc8 .part L_0x1bc57c0, 0, 1;
L_0x1bc5ec8 .part v0x1bb0338_0, 1, 1;
L_0x1bc5f78 .part v0x1bb0338_0, 0, 1;
L_0x1bc6040 .part L_0x1bc5c90, 1, 1;
L_0x1bc61a0 .part L_0x1bc5c90, 0, 1;
L_0x1bc62e0 .part v0x1bb0338_0, 1, 1;
L_0x1bc63d8 .concat8 [ 1 1 0 0], L_0x1bbde40, L_0x1bc60d0;
L_0x1bc64a0 .part v0x1bb0338_0, 0, 1;
S_0x1bb9430 .scope module, "u7" "winner_detect_3" 3 371, 3 381 0, S_0x1bb1208;
 .timescale -9 -12;
    .port_info 0 /INPUT 2 "pos0"
    .port_info 1 /INPUT 2 "pos1"
    .port_info 2 /INPUT 2 "pos2"
    .port_info 3 /OUTPUT 1 "winner"
    .port_info 4 /OUTPUT 2 "who"
L_0x1bc6798 .functor XOR 1, L_0x1bc66e8, L_0x1bc6740, C4<0>, C4<0>;
L_0x1bc6a18 .functor XOR 1, L_0x1bc6968, L_0x1bc69c0, C4<0>, C4<0>;
L_0x1bc6c40 .functor XOR 1, L_0x1bc6b90, L_0x1bc6be8, C4<0>, C4<0>;
L_0x1bc6ef8 .functor XOR 1, L_0x1bc6e10, L_0x1bc6ea0, C4<0>, C4<0>;
L_0x1bc7070 .functor AND 1, L_0x1bc70b0, L_0x1bc7108, C4<1>, C4<1>;
L_0x1bc7198 .functor AND 1, L_0x1bc72e0, L_0x1bc7388, C4<1>, C4<1>;
L_0x1bc7338 .functor OR 1, L_0x1bc7488, L_0x1bc7538, C4<0>, C4<0>;
L_0x1bc74e0 .functor AND 1, L_0x1bc7338, L_0x1bc7600, C4<1>, C4<1>;
L_0x1bc77b8 .functor AND 1, L_0x1bc74e0, L_0x1bc7760, C4<1>, C4<1>;
L_0x1bc7690 .functor AND 1, L_0x1bc77b8, L_0x1bc78a0, C4<1>, C4<1>;
L_0x1bc78f8 .functor AND 1, L_0x1bc77b8, L_0x1bc7a60, C4<1>, C4<1>;
v0x1bb9538_0 .net *"_s14", 0 0, L_0x1bc6968;  1 drivers
v0x1bb95c0_0 .net *"_s16", 0 0, L_0x1bc69c0;  1 drivers
v0x1bb9638_0 .net *"_s17", 0 0, L_0x1bc6a18;  1 drivers
v0x1bb96b8_0 .net *"_s20", 0 0, L_0x1bc6ac8;  1 drivers
v0x1bb9720_0 .net *"_s24", 0 0, L_0x1bc6b90;  1 drivers
v0x1bb97c0_0 .net *"_s26", 0 0, L_0x1bc6be8;  1 drivers
v0x1bb9838_0 .net *"_s27", 0 0, L_0x1bc6c40;  1 drivers
v0x1bb98b0_0 .net *"_s3", 0 0, L_0x1bc66e8;  1 drivers
v0x1bb9928_0 .net *"_s30", 0 0, L_0x1bc6cf0;  1 drivers
v0x1bb99d8_0 .net *"_s35", 0 0, L_0x1bc6e10;  1 drivers
v0x1bb9a50_0 .net *"_s37", 0 0, L_0x1bc6ea0;  1 drivers
v0x1bb9ac8_0 .net *"_s38", 0 0, L_0x1bc6ef8;  1 drivers
v0x1bb9b40_0 .net *"_s41", 0 0, L_0x1bc6fa8;  1 drivers
v0x1bb9ba8_0 .net *"_s45", 0 0, L_0x1bc70b0;  1 drivers
v0x1bb9c20_0 .net *"_s47", 0 0, L_0x1bc7108;  1 drivers
v0x1bb9c98_0 .net *"_s48", 0 0, L_0x1bc7070;  1 drivers
v0x1bb9d10_0 .net *"_s5", 0 0, L_0x1bc6740;  1 drivers
v0x1bb9df0_0 .net *"_s54", 0 0, L_0x1bc72e0;  1 drivers
v0x1bb9e48_0 .net *"_s56", 0 0, L_0x1bc7388;  1 drivers
v0x1bb9ec0_0 .net *"_s57", 0 0, L_0x1bc7198;  1 drivers
v0x1bb9f38_0 .net *"_s6", 0 0, L_0x1bc6798;  1 drivers
v0x1bb9fb0_0 .net *"_s60", 0 0, L_0x1bc7488;  1 drivers
v0x1bba028_0 .net *"_s62", 0 0, L_0x1bc7538;  1 drivers
v0x1bba0a0_0 .net *"_s66", 0 0, L_0x1bc7600;  1 drivers
v0x1bba118_0 .net *"_s67", 0 0, L_0x1bc74e0;  1 drivers
v0x1bba190_0 .net *"_s70", 0 0, L_0x1bc7760;  1 drivers
v0x1bba208_0 .net *"_s76", 0 0, L_0x1bc78a0;  1 drivers
v0x1bba280_0 .net *"_s77", 0 0, L_0x1bc7690;  1 drivers
v0x1bba2f8_0 .net *"_s83", 0 0, L_0x1bc7a60;  1 drivers
v0x1bba370_0 .net *"_s84", 0 0, L_0x1bc78f8;  1 drivers
v0x1bba3e8_0 .net *"_s9", 0 0, L_0x1bc6848;  1 drivers
v0x1bba450_0 .net "pos0", 1 0, v0x1bb0218_0;  alias, 1 drivers
v0x1bba4b8_0 .net "pos1", 1 0, v0x1bb0478_0;  alias, 1 drivers
v0x1bb9d78_0 .net "pos2", 1 0, v0x1bb0740_0;  alias, 1 drivers
v0x1bba618_0 .net "temp0", 1 0, L_0x1bc68d8;  1 drivers
v0x1bba680_0 .net "temp1", 1 0, L_0x1bc6d80;  1 drivers
v0x1bba6f8_0 .net "temp2", 1 0, L_0x1bc7250;  1 drivers
v0x1bba770_0 .net "temp3", 0 0, L_0x1bc7338;  1 drivers
v0x1bba7d8_0 .net "who", 1 0, L_0x1bc7998;  alias, 1 drivers
v0x1bba850_0 .net "winner", 0 0, L_0x1bc77b8;  alias, 1 drivers
L_0x1bc66e8 .part v0x1bb0218_0, 1, 1;
L_0x1bc6740 .part v0x1bb0478_0, 1, 1;
L_0x1bc6848 .reduce/nor L_0x1bc6798;
L_0x1bc68d8 .concat8 [ 1 1 0 0], L_0x1bc6ac8, L_0x1bc6848;
L_0x1bc6968 .part v0x1bb0218_0, 0, 1;
L_0x1bc69c0 .part v0x1bb0478_0, 0, 1;
L_0x1bc6ac8 .reduce/nor L_0x1bc6a18;
L_0x1bc6b90 .part v0x1bb0740_0, 1, 1;
L_0x1bc6be8 .part v0x1bb0478_0, 1, 1;
L_0x1bc6cf0 .reduce/nor L_0x1bc6c40;
L_0x1bc6d80 .concat8 [ 1 1 0 0], L_0x1bc6fa8, L_0x1bc6cf0;
L_0x1bc6e10 .part v0x1bb0740_0, 0, 1;
L_0x1bc6ea0 .part v0x1bb0478_0, 0, 1;
L_0x1bc6fa8 .reduce/nor L_0x1bc6ef8;
L_0x1bc70b0 .part L_0x1bc68d8, 1, 1;
L_0x1bc7108 .part L_0x1bc6d80, 1, 1;
L_0x1bc7250 .concat8 [ 1 1 0 0], L_0x1bc7198, L_0x1bc7070;
L_0x1bc72e0 .part L_0x1bc68d8, 0, 1;
L_0x1bc7388 .part L_0x1bc6d80, 0, 1;
L_0x1bc7488 .part v0x1bb0218_0, 1, 1;
L_0x1bc7538 .part v0x1bb0218_0, 0, 1;
L_0x1bc7600 .part L_0x1bc7250, 1, 1;
L_0x1bc7760 .part L_0x1bc7250, 0, 1;
L_0x1bc78a0 .part v0x1bb0218_0, 1, 1;
L_0x1bc7998 .concat8 [ 1 1 0 0], L_0x1bc78f8, L_0x1bc7690;
L_0x1bc7a60 .part v0x1bb0218_0, 0, 1;
S_0x1bba908 .scope module, "u8" "winner_detect_3" 3 372, 3 381 0, S_0x1bb1208;
 .timescale -9 -12;
    .port_info 0 /INPUT 2 "pos0"
    .port_info 1 /INPUT 2 "pos1"
    .port_info 2 /INPUT 2 "pos2"
    .port_info 3 /OUTPUT 1 "winner"
    .port_info 4 /OUTPUT 2 "who"
L_0x1bc7c78 .functor XOR 1, L_0x1bc7bc8, L_0x1bc7c20, C4<0>, C4<0>;
L_0x1bc7ef8 .functor XOR 1, L_0x1bc7e48, L_0x1bc7ea0, C4<0>, C4<0>;
L_0x1bc8120 .functor XOR 1, L_0x1bc8070, L_0x1bc80c8, C4<0>, C4<0>;
L_0x1bc8500 .functor XOR 1, L_0x1bc8320, L_0x1bbdfe8, C4<0>, C4<0>;
L_0x1bc8640 .functor AND 1, L_0x1bc8680, L_0x1bc86d8, C4<1>, C4<1>;
L_0x1bc8768 .functor AND 1, L_0x1bc88b0, L_0x1bc8958, C4<1>, C4<1>;
L_0x1bc8908 .functor OR 1, L_0x1bc8a58, L_0x1bc8b08, C4<0>, C4<0>;
L_0x1bc8ab0 .functor AND 1, L_0x1bc8908, L_0x1bc8bd0, C4<1>, C4<1>;
L_0x1bc8d88 .functor AND 1, L_0x1bc8ab0, L_0x1bc8d30, C4<1>, C4<1>;
L_0x1bc8c60 .functor AND 1, L_0x1bc8d88, L_0x1bc8e70, C4<1>, C4<1>;
L_0x1bc8ec8 .functor AND 1, L_0x1bc8d88, L_0x1bc9030, C4<1>, C4<1>;
v0x1bbaa10_0 .net *"_s14", 0 0, L_0x1bc7e48;  1 drivers
v0x1bbaa98_0 .net *"_s16", 0 0, L_0x1bc7ea0;  1 drivers
v0x1bbab10_0 .net *"_s17", 0 0, L_0x1bc7ef8;  1 drivers
v0x1bbab90_0 .net *"_s20", 0 0, L_0x1bc7fa8;  1 drivers
v0x1bbabf8_0 .net *"_s24", 0 0, L_0x1bc8070;  1 drivers
v0x1bbac98_0 .net *"_s26", 0 0, L_0x1bc80c8;  1 drivers
v0x1bbad10_0 .net *"_s27", 0 0, L_0x1bc8120;  1 drivers
v0x1bbad88_0 .net *"_s3", 0 0, L_0x1bc7bc8;  1 drivers
v0x1bbae00_0 .net *"_s30", 0 0, L_0x1bc81d0;  1 drivers
v0x1bbaeb0_0 .net *"_s35", 0 0, L_0x1bc8320;  1 drivers
v0x1bbaf28_0 .net *"_s37", 0 0, L_0x1bbdfe8;  1 drivers
v0x1bbafa0_0 .net *"_s38", 0 0, L_0x1bc8500;  1 drivers
v0x1bbb018_0 .net *"_s41", 0 0, L_0x1bc8578;  1 drivers
v0x1bbb080_0 .net *"_s45", 0 0, L_0x1bc8680;  1 drivers
v0x1bbb0f8_0 .net *"_s47", 0 0, L_0x1bc86d8;  1 drivers
v0x1bbb170_0 .net *"_s48", 0 0, L_0x1bc8640;  1 drivers
v0x1bbb1e8_0 .net *"_s5", 0 0, L_0x1bc7c20;  1 drivers
v0x1bbb2c8_0 .net *"_s54", 0 0, L_0x1bc88b0;  1 drivers
v0x1bbb320_0 .net *"_s56", 0 0, L_0x1bc8958;  1 drivers
v0x1bbb398_0 .net *"_s57", 0 0, L_0x1bc8768;  1 drivers
v0x1bbb410_0 .net *"_s6", 0 0, L_0x1bc7c78;  1 drivers
v0x1bbb488_0 .net *"_s60", 0 0, L_0x1bc8a58;  1 drivers
v0x1bbb500_0 .net *"_s62", 0 0, L_0x1bc8b08;  1 drivers
v0x1bbb578_0 .net *"_s66", 0 0, L_0x1bc8bd0;  1 drivers
v0x1bbb5f0_0 .net *"_s67", 0 0, L_0x1bc8ab0;  1 drivers
v0x1bbb668_0 .net *"_s70", 0 0, L_0x1bc8d30;  1 drivers
v0x1bbb6e0_0 .net *"_s76", 0 0, L_0x1bc8e70;  1 drivers
v0x1bbb758_0 .net *"_s77", 0 0, L_0x1bc8c60;  1 drivers
v0x1bbb7d0_0 .net *"_s83", 0 0, L_0x1bc9030;  1 drivers
v0x1bbb848_0 .net *"_s84", 0 0, L_0x1bc8ec8;  1 drivers
v0x1bbb8c0_0 .net *"_s9", 0 0, L_0x1bc7d28;  1 drivers
v0x1bbb928_0 .net "pos0", 1 0, v0x1bb0338_0;  alias, 1 drivers
v0x1bbb990_0 .net "pos1", 1 0, v0x1bb0478_0;  alias, 1 drivers
v0x1bbb250_0 .net "pos2", 1 0, v0x1bb0560_0;  alias, 1 drivers
v0x1bbbaf0_0 .net "temp0", 1 0, L_0x1bc7db8;  1 drivers
v0x1bbbb58_0 .net "temp1", 1 0, L_0x1bc8290;  1 drivers
v0x1bbbbd0_0 .net "temp2", 1 0, L_0x1bc8820;  1 drivers
v0x1bbbc48_0 .net "temp3", 0 0, L_0x1bc8908;  1 drivers
v0x1bbbcb0_0 .net "who", 1 0, L_0x1bc8f68;  alias, 1 drivers
v0x1bbbd28_0 .net "winner", 0 0, L_0x1bc8d88;  alias, 1 drivers
L_0x1bc7bc8 .part v0x1bb0338_0, 1, 1;
L_0x1bc7c20 .part v0x1bb0478_0, 1, 1;
L_0x1bc7d28 .reduce/nor L_0x1bc7c78;
L_0x1bc7db8 .concat8 [ 1 1 0 0], L_0x1bc7fa8, L_0x1bc7d28;
L_0x1bc7e48 .part v0x1bb0338_0, 0, 1;
L_0x1bc7ea0 .part v0x1bb0478_0, 0, 1;
L_0x1bc7fa8 .reduce/nor L_0x1bc7ef8;
L_0x1bc8070 .part v0x1bb0560_0, 1, 1;
L_0x1bc80c8 .part v0x1bb0478_0, 1, 1;
L_0x1bc81d0 .reduce/nor L_0x1bc8120;
L_0x1bc8290 .concat8 [ 1 1 0 0], L_0x1bc8578, L_0x1bc81d0;
L_0x1bc8320 .part v0x1bb0560_0, 0, 1;
L_0x1bbdfe8 .part v0x1bb0478_0, 0, 1;
L_0x1bc8578 .reduce/nor L_0x1bc8500;
L_0x1bc8680 .part L_0x1bc7db8, 1, 1;
L_0x1bc86d8 .part L_0x1bc8290, 1, 1;
L_0x1bc8820 .concat8 [ 1 1 0 0], L_0x1bc8768, L_0x1bc8640;
L_0x1bc88b0 .part L_0x1bc7db8, 0, 1;
L_0x1bc8958 .part L_0x1bc8290, 0, 1;
L_0x1bc8a58 .part v0x1bb0338_0, 1, 1;
L_0x1bc8b08 .part v0x1bb0338_0, 0, 1;
L_0x1bc8bd0 .part L_0x1bc8820, 1, 1;
L_0x1bc8d30 .part L_0x1bc8820, 0, 1;
L_0x1bc8e70 .part v0x1bb0338_0, 1, 1;
L_0x1bc8f68 .concat8 [ 1 1 0 0], L_0x1bc8ec8, L_0x1bc8c60;
L_0x1bc9030 .part v0x1bb0338_0, 0, 1;
    .scope S_0x1bafe40;
T_0 ;
    %wait E_0x1bafff8;
    %load/vec4 v0x1bb07e0_0;
    %flag_set/vec4 8;
    %jmp/0xz  T_0.0, 8;
    %pushi/vec4 0, 0, 2;
    %assign/vec4 v0x1bb0218_0, 0;
    %jmp T_0.1;
T_0.0 ;
    %load/vec4 v0x1bb01a0_0;
    %cmpi/e 1, 0, 1;
    %jmp/0xz  T_0.2, 4;
    %load/vec4 v0x1bb0218_0;
    %assign/vec4 v0x1bb0218_0, 0;
    %jmp T_0.3;
T_0.2 ;
    %load/vec4 v0x1bb0030_0;
    %parti/s 1, 0, 2;
    %cmpi/e 1, 0, 1;
    %jmp/0xz  T_0.4, 4;
    %pushi/vec4 2, 0, 2;
    %assign/vec4 v0x1bb0218_0, 0;
    %jmp T_0.5;
T_0.4 ;
    %load/vec4 v0x1bb00b8_0;
    %parti/s 1, 0, 2;
    %cmpi/e 1, 0, 1;
    %jmp/0xz  T_0.6, 4;
    %pushi/vec4 1, 0, 2;
    %assign/vec4 v0x1bb0218_0, 0;
    %jmp T_0.7;
T_0.6 ;
    %load/vec4 v0x1bb0218_0;
    %assign/vec4 v0x1bb0218_0, 0;
T_0.7 ;
T_0.5 ;
T_0.3 ;
T_0.1 ;
    %jmp T_0;
    .thread T_0;
    .scope S_0x1bafe40;
T_1 ;
    %wait E_0x1bafff8;
    %load/vec4 v0x1bb07e0_0;
    %flag_set/vec4 8;
    %jmp/0xz  T_1.0, 8;
    %pushi/vec4 0, 0, 2;
    %assign/vec4 v0x1bb0298_0, 0;
    %jmp T_1.1;
T_1.0 ;
    %load/vec4 v0x1bb01a0_0;
    %cmpi/e 1, 0, 1;
    %jmp/0xz  T_1.2, 4;
    %load/vec4 v0x1bb0298_0;
    %assign/vec4 v0x1bb0298_0, 0;
    %jmp T_1.3;
T_1.2 ;
    %load/vec4 v0x1bb0030_0;
    %parti/s 1, 1, 2;
    %cmpi/e 1, 0, 1;
    %jmp/0xz  T_1.4, 4;
    %pushi/vec4 2, 0, 2;
    %assign/vec4 v0x1bb0298_0, 0;
    %jmp T_1.5;
T_1.4 ;
    %load/vec4 v0x1bb00b8_0;
    %parti/s 1, 1, 2;
    %cmpi/e 1, 0, 1;
    %jmp/0xz  T_1.6, 4;
    %pushi/vec4 1, 0, 2;
    %assign/vec4 v0x1bb0298_0, 0;
    %jmp T_1.7;
T_1.6 ;
    %load/vec4 v0x1bb0298_0;
    %assign/vec4 v0x1bb0298_0, 0;
T_1.7 ;
T_1.5 ;
T_1.3 ;
T_1.1 ;
    %jmp T_1;
    .thread T_1;
    .scope S_0x1bafe40;
T_2 ;
    %wait E_0x1bafff8;
    %load/vec4 v0x1bb07e0_0;
    %flag_set/vec4 8;
    %jmp/0xz  T_2.0, 8;
    %pushi/vec4 0, 0, 2;
    %assign/vec4 v0x1bb0338_0, 0;
    %jmp T_2.1;
T_2.0 ;
    %load/vec4 v0x1bb01a0_0;
    %cmpi/e 1, 0, 1;
    %jmp/0xz  T_2.2, 4;
    %load/vec4 v0x1bb0338_0;
    %assign/vec4 v0x1bb0338_0, 0;
    %jmp T_2.3;
T_2.2 ;
    %load/vec4 v0x1bb0030_0;
    %parti/s 1, 2, 3;
    %cmpi/e 1, 0, 1;
    %jmp/0xz  T_2.4, 4;
    %pushi/vec4 2, 0, 2;
    %assign/vec4 v0x1bb0338_0, 0;
    %jmp T_2.5;
T_2.4 ;
    %load/vec4 v0x1bb00b8_0;
    %parti/s 1, 2, 3;
    %cmpi/e 1, 0, 1;
    %jmp/0xz  T_2.6, 4;
    %pushi/vec4 1, 0, 2;
    %assign/vec4 v0x1bb0338_0, 0;
    %jmp T_2.7;
T_2.6 ;
    %load/vec4 v0x1bb0338_0;
    %assign/vec4 v0x1bb0338_0, 0;
T_2.7 ;
T_2.5 ;
T_2.3 ;
T_2.1 ;
    %jmp T_2;
    .thread T_2;
    .scope S_0x1bafe40;
T_3 ;
    %wait E_0x1bafff8;
    %load/vec4 v0x1bb07e0_0;
    %flag_set/vec4 8;
    %jmp/0xz  T_3.0, 8;
    %pushi/vec4 0, 0, 2;
    %assign/vec4 v0x1bb03d8_0, 0;
    %jmp T_3.1;
T_3.0 ;
    %load/vec4 v0x1bb01a0_0;
    %cmpi/e 1, 0, 1;
    %jmp/0xz  T_3.2, 4;
    %load/vec4 v0x1bb03d8_0;
    %assign/vec4 v0x1bb03d8_0, 0;
    %jmp T_3.3;
T_3.2 ;
    %load/vec4 v0x1bb0030_0;
    %parti/s 1, 3, 3;
    %cmpi/e 1, 0, 1;
    %jmp/0xz  T_3.4, 4;
    %pushi/vec4 2, 0, 2;
    %assign/vec4 v0x1bb03d8_0, 0;
    %jmp T_3.5;
T_3.4 ;
    %load/vec4 v0x1bb00b8_0;
    %parti/s 1, 3, 3;
    %cmpi/e 1, 0, 1;
    %jmp/0xz  T_3.6, 4;
    %pushi/vec4 1, 0, 2;
    %assign/vec4 v0x1bb03d8_0, 0;
    %jmp T_3.7;
T_3.6 ;
    %load/vec4 v0x1bb03d8_0;
    %assign/vec4 v0x1bb03d8_0, 0;
T_3.7 ;
T_3.5 ;
T_3.3 ;
T_3.1 ;
    %jmp T_3;
    .thread T_3;
    .scope S_0x1bafe40;
T_4 ;
    %wait E_0x1bafff8;
    %load/vec4 v0x1bb07e0_0;
    %flag_set/vec4 8;
    %jmp/0xz  T_4.0, 8;
    %pushi/vec4 0, 0, 2;
    %assign/vec4 v0x1bb0478_0, 0;
    %jmp T_4.1;
T_4.0 ;
    %load/vec4 v0x1bb01a0_0;
    %cmpi/e 1, 0, 1;
    %jmp/0xz  T_4.2, 4;
    %load/vec4 v0x1bb0478_0;
    %assign/vec4 v0x1bb0478_0, 0;
    %jmp T_4.3;
T_4.2 ;
    %load/vec4 v0x1bb0030_0;
    %parti/s 1, 4, 4;
    %cmpi/e 1, 0, 1;
    %jmp/0xz  T_4.4, 4;
    %pushi/vec4 2, 0, 2;
    %assign/vec4 v0x1bb0478_0, 0;
    %jmp T_4.5;
T_4.4 ;
    %load/vec4 v0x1bb00b8_0;
    %parti/s 1, 4, 4;
    %cmpi/e 1, 0, 1;
    %jmp/0xz  T_4.6, 4;
    %pushi/vec4 1, 0, 2;
    %assign/vec4 v0x1bb0478_0, 0;
    %jmp T_4.7;
T_4.6 ;
    %load/vec4 v0x1bb0478_0;
    %assign/vec4 v0x1bb0478_0, 0;
T_4.7 ;
T_4.5 ;
T_4.3 ;
T_4.1 ;
    %jmp T_4;
    .thread T_4;
    .scope S_0x1bafe40;
T_5 ;
    %wait E_0x1bafff8;
    %load/vec4 v0x1bb07e0_0;
    %flag_set/vec4 8;
    %jmp/0xz  T_5.0, 8;
    %pushi/vec4 0, 0, 2;
    %assign/vec4 v0x1bb0560_0, 0;
    %jmp T_5.1;
T_5.0 ;
    %load/vec4 v0x1bb01a0_0;
    %cmpi/e 1, 0, 1;
    %jmp/0xz  T_5.2, 4;
    %load/vec4 v0x1bb0560_0;
    %assign/vec4 v0x1bb0560_0, 0;
    %jmp T_5.3;
T_5.2 ;
    %load/vec4 v0x1bb0030_0;
    %parti/s 1, 5, 4;
    %cmpi/e 1, 0, 1;
    %jmp/0xz  T_5.4, 4;
    %pushi/vec4 2, 0, 2;
    %assign/vec4 v0x1bb0560_0, 0;
    %jmp T_5.5;
T_5.4 ;
    %load/vec4 v0x1bb00b8_0;
    %parti/s 1, 5, 4;
    %cmpi/e 1, 0, 1;
    %jmp/0xz  T_5.6, 4;
    %pushi/vec4 1, 0, 2;
    %assign/vec4 v0x1bb0560_0, 0;
    %jmp T_5.7;
T_5.6 ;
    %load/vec4 v0x1bb0560_0;
    %assign/vec4 v0x1bb0560_0, 0;
T_5.7 ;
T_5.5 ;
T_5.3 ;
T_5.1 ;
    %jmp T_5;
    .thread T_5;
    .scope S_0x1bafe40;
T_6 ;
    %wait E_0x1bafff8;
    %load/vec4 v0x1bb07e0_0;
    %flag_set/vec4 8;
    %jmp/0xz  T_6.0, 8;
    %pushi/vec4 0, 0, 2;
    %assign/vec4 v0x1bb0600_0, 0;
    %jmp T_6.1;
T_6.0 ;
    %load/vec4 v0x1bb01a0_0;
    %cmpi/e 1, 0, 1;
    %jmp/0xz  T_6.2, 4;
    %load/vec4 v0x1bb0600_0;
    %assign/vec4 v0x1bb0600_0, 0;
    %jmp T_6.3;
T_6.2 ;
    %load/vec4 v0x1bb0030_0;
    %parti/s 1, 6, 4;
    %cmpi/e 1, 0, 1;
    %jmp/0xz  T_6.4, 4;
    %pushi/vec4 2, 0, 2;
    %assign/vec4 v0x1bb0600_0, 0;
    %jmp T_6.5;
T_6.4 ;
    %load/vec4 v0x1bb00b8_0;
    %parti/s 1, 6, 4;
    %cmpi/e 1, 0, 1;
    %jmp/0xz  T_6.6, 4;
    %pushi/vec4 1, 0, 2;
    %assign/vec4 v0x1bb0600_0, 0;
    %jmp T_6.7;
T_6.6 ;
    %load/vec4 v0x1bb0600_0;
    %assign/vec4 v0x1bb0600_0, 0;
T_6.7 ;
T_6.5 ;
T_6.3 ;
T_6.1 ;
    %jmp T_6;
    .thread T_6;
    .scope S_0x1bafe40;
T_7 ;
    %wait E_0x1bafff8;
    %load/vec4 v0x1bb07e0_0;
    %flag_set/vec4 8;
    %jmp/0xz  T_7.0, 8;
    %pushi/vec4 0, 0, 2;
    %assign/vec4 v0x1bb06a0_0, 0;
    %jmp T_7.1;
T_7.0 ;
    %load/vec4 v0x1bb01a0_0;
    %cmpi/e 1, 0, 1;
    %jmp/0xz  T_7.2, 4;
    %load/vec4 v0x1bb06a0_0;
    %assign/vec4 v0x1bb06a0_0, 0;
    %jmp T_7.3;
T_7.2 ;
    %load/vec4 v0x1bb0030_0;
    %parti/s 1, 7, 4;
    %cmpi/e 1, 0, 1;
    %jmp/0xz  T_7.4, 4;
    %pushi/vec4 2, 0, 2;
    %assign/vec4 v0x1bb06a0_0, 0;
    %jmp T_7.5;
T_7.4 ;
    %load/vec4 v0x1bb00b8_0;
    %parti/s 1, 7, 4;
    %cmpi/e 1, 0, 1;
    %jmp/0xz  T_7.6, 4;
    %pushi/vec4 1, 0, 2;
    %assign/vec4 v0x1bb06a0_0, 0;
    %jmp T_7.7;
T_7.6 ;
    %load/vec4 v0x1bb06a0_0;
    %assign/vec4 v0x1bb06a0_0, 0;
T_7.7 ;
T_7.5 ;
T_7.3 ;
T_7.1 ;
    %jmp T_7;
    .thread T_7;
    .scope S_0x1bafe40;
T_8 ;
    %wait E_0x1bafff8;
    %load/vec4 v0x1bb07e0_0;
    %flag_set/vec4 8;
    %jmp/0xz  T_8.0, 8;
    %pushi/vec4 0, 0, 2;
    %assign/vec4 v0x1bb0740_0, 0;
    %jmp T_8.1;
T_8.0 ;
    %load/vec4 v0x1bb01a0_0;
    %cmpi/e 1, 0, 1;
    %jmp/0xz  T_8.2, 4;
    %load/vec4 v0x1bb0740_0;
    %assign/vec4 v0x1bb0740_0, 0;
    %jmp T_8.3;
T_8.2 ;
    %load/vec4 v0x1bb0030_0;
    %parti/s 1, 8, 5;
    %cmpi/e 1, 0, 1;
    %jmp/0xz  T_8.4, 4;
    %pushi/vec4 2, 0, 2;
    %assign/vec4 v0x1bb0740_0, 0;
    %jmp T_8.5;
T_8.4 ;
    %load/vec4 v0x1bb00b8_0;
    %parti/s 1, 8, 5;
    %cmpi/e 1, 0, 1;
    %jmp/0xz  T_8.6, 4;
    %pushi/vec4 1, 0, 2;
    %assign/vec4 v0x1bb0740_0, 0;
    %jmp T_8.7;
T_8.6 ;
    %load/vec4 v0x1bb0740_0;
    %assign/vec4 v0x1bb0740_0, 0;
T_8.7 ;
T_8.5 ;
T_8.3 ;
T_8.1 ;
    %jmp T_8;
    .thread T_8;
    .scope S_0x1bb0968;
T_9 ;
    %wait E_0x1bafff8;
    %load/vec4 v0x1bb10c8_0;
    %flag_set/vec4 8;
    %jmp/0xz  T_9.0, 8;
    %pushi/vec4 0, 0, 2;
    %assign/vec4 v0x1bb0d68_0, 0;
    %jmp T_9.1;
T_9.0 ;
    %load/vec4 v0x1bb0e60_0;
    %assign/vec4 v0x1bb0d68_0, 0;
T_9.1 ;
    %jmp T_9;
    .thread T_9;
    .scope S_0x1bb0968;
T_10 ;
    %wait E_0x1bb0c80;
    %load/vec4 v0x1bb0d68_0;
    %dup/vec4;
    %pushi/vec4 0, 0, 2;
    %cmp/u;
    %jmp/1 T_10.0, 6;
    %dup/vec4;
    %pushi/vec4 1, 0, 2;
    %cmp/u;
    %jmp/1 T_10.1, 6;
    %dup/vec4;
    %pushi/vec4 2, 0, 2;
    %cmp/u;
    %jmp/1 T_10.2, 6;
    %dup/vec4;
    %pushi/vec4 3, 0, 2;
    %cmp/u;
    %jmp/1 T_10.3, 6;
    %pushi/vec4 0, 0, 2;
    %assign/vec4 v0x1bb0e60_0, 0;
    %jmp T_10.5;
T_10.0 ;
    %load/vec4 v0x1bb10c8_0;
    %pushi/vec4 0, 0, 1;
    %cmp/e;
    %flag_get/vec4 4;
    %load/vec4 v0x1bb0fb0_0;
    %pushi/vec4 1, 0, 1;
    %cmp/e;
    %flag_get/vec4 4;
    %and;
    %flag_set/vec4 8;
    %jmp/0xz  T_10.6, 8;
    %pushi/vec4 1, 0, 2;
    %assign/vec4 v0x1bb0e60_0, 0;
    %jmp T_10.7;
T_10.6 ;
    %pushi/vec4 0, 0, 2;
    %assign/vec4 v0x1bb0e60_0, 0;
T_10.7 ;
    %pushi/vec4 0, 0, 1;
    %assign/vec4 v0x1bb1018_0, 0;
    %pushi/vec4 0, 0, 1;
    %assign/vec4 v0x1bb0d10_0, 0;
    %jmp T_10.5;
T_10.1 ;
    %pushi/vec4 1, 0, 1;
    %assign/vec4 v0x1bb1018_0, 0;
    %pushi/vec4 0, 0, 1;
    %assign/vec4 v0x1bb0d10_0, 0;
    %load/vec4 v0x1bb0dd0_0;
    %cmpi/e 0, 0, 1;
    %jmp/0xz  T_10.8, 4;
    %pushi/vec4 2, 0, 2;
    %assign/vec4 v0x1bb0e60_0, 0;
    %jmp T_10.9;
T_10.8 ;
    %pushi/vec4 0, 0, 2;
    %assign/vec4 v0x1bb0e60_0, 0;
T_10.9 ;
    %jmp T_10.5;
T_10.2 ;
    %pushi/vec4 0, 0, 1;
    %assign/vec4 v0x1bb1018_0, 0;
    %load/vec4 v0x1bb0f58_0;
    %cmpi/e 0, 0, 1;
    %jmp/0xz  T_10.10, 4;
    %pushi/vec4 2, 0, 2;
    %assign/vec4 v0x1bb0e60_0, 0;
    %pushi/vec4 0, 0, 1;
    %assign/vec4 v0x1bb0d10_0, 0;
    %jmp T_10.11;
T_10.10 ;
    %load/vec4 v0x1bb1120_0;
    %pushi/vec4 0, 0, 1;
    %cmp/e;
    %flag_get/vec4 4;
    %load/vec4 v0x1bb0f00_0;
    %pushi/vec4 0, 0, 1;
    %cmp/e;
    %flag_get/vec4 4;
    %and;
    %flag_set/vec4 8;
    %jmp/0xz  T_10.12, 8;
    %pushi/vec4 0, 0, 2;
    %assign/vec4 v0x1bb0e60_0, 0;
    %pushi/vec4 1, 0, 1;
    %assign/vec4 v0x1bb0d10_0, 0;
    %jmp T_10.13;
T_10.12 ;
    %load/vec4 v0x1bb0f00_0;
    %pad/u 32;
    %cmpi/e 1, 0, 32;
    %flag_mov 8, 4;
    %load/vec4 v0x1bb1120_0;
    %cmpi/e 1, 0, 1;
    %flag_or 4, 8;
    %jmp/0xz  T_10.14, 4;
    %pushi/vec4 3, 0, 2;
    %assign/vec4 v0x1bb0e60_0, 0;
    %pushi/vec4 1, 0, 1;
    %assign/vec4 v0x1bb0d10_0, 0;
T_10.14 ;
T_10.13 ;
T_10.11 ;
    %jmp T_10.5;
T_10.3 ;
    %pushi/vec4 0, 0, 1;
    %assign/vec4 v0x1bb1018_0, 0;
    %pushi/vec4 0, 0, 1;
    %assign/vec4 v0x1bb0d10_0, 0;
    %load/vec4 v0x1bb10c8_0;
    %cmpi/e 1, 0, 1;
    %jmp/0xz  T_10.16, 4;
    %pushi/vec4 0, 0, 2;
    %assign/vec4 v0x1bb0e60_0, 0;
    %jmp T_10.17;
T_10.16 ;
    %pushi/vec4 3, 0, 2;
    %assign/vec4 v0x1bb0e60_0, 0;
T_10.17 ;
    %jmp T_10.5;
T_10.5 ;
    %pop/vec4 1;
    %jmp T_10;
    .thread T_10, $push;
    .scope S_0x1b7e798;
T_11 ;
    %wait E_0x1b16fa0;
    %load/vec4 v0x1bbd1f8_0;
    %cmpi/e 1, 0, 1;
    %flag_mov 8, 4;
    %jmp/0 T_11.0, 8;
    %pushi/vec4 0, 0, 7;
    %load/vec4 v0x1bbd138_0;
    %concat/vec4; draw_concat_vec4
    %jmp/1 T_11.1, 8;
T_11.0 ; End of true expr.
    %pushi/vec4 0, 0, 16;
    %jmp/0 T_11.1, 8;
 ; End of false expr.
    %blend;
T_11.1;
    %assign/vec4 v0x1bbd038_0, 0;
    %load/vec4 v0x1bbd418_0;
    %cmpi/e 1, 0, 1;
    %flag_mov 8, 4;
    %jmp/0 T_11.2, 8;
    %pushi/vec4 0, 0, 7;
    %load/vec4 v0x1bbd138_0;
    %concat/vec4; draw_concat_vec4
    %jmp/1 T_11.3, 8;
T_11.2 ; End of true expr.
    %pushi/vec4 0, 0, 16;
    %jmp/0 T_11.3, 8;
 ; End of false expr.
    %blend;
T_11.3;
    %assign/vec4 v0x1bbd0c0_0, 0;
    %jmp T_11;
    .thread T_11;
    .scope S_0x1b846e8;
T_12 ;
    %pushi/vec4 0, 0, 1;
    %store/vec4 v0x1bbdb50_0, 0, 1;
T_12.0 ;
    %delay 5000, 0;
    %load/vec4 v0x1bbdb50_0;
    %inv;
    %store/vec4 v0x1bbdb50_0, 0, 1;
    %jmp T_12.0;
    %end;
    .thread T_12;
    .scope S_0x1b846e8;
T_13 ;
    %pushi/vec4 1, 0, 1;
    %assign/vec4 v0x1bb90c8_0, 0;
    %pushi/vec4 0, 0, 1;
    %assign/vec4 v0x1bbdc00_0, 0;
    %pushi/vec4 0, 0, 1;
    %assign/vec4 v0x1bbdba8_0, 0;
    %delay 200000, 0;
    %pushi/vec4 0, 0, 1;
    %assign/vec4 v0x1bb90c8_0, 0;
    %delay 200000, 0;
    %pushi/vec4 1, 0, 1;
    %assign/vec4 v0x1bbdc00_0, 0;
    %pushi/vec4 0, 0, 1;
    %assign/vec4 v0x1bbdba8_0, 0;
    %pushi/vec4 256, 0, 9;
    %assign/vec4 v0x1bbdad8_0, 0;
    %delay 200000, 0;
    %pushi/vec4 0, 0, 1;
    %assign/vec4 v0x1bbdba8_0, 0;
    %pushi/vec4 0, 0, 1;
    %assign/vec4 v0x1bbdc00_0, 0;
    %delay 200000, 0;
    %pushi/vec4 1, 0, 1;
    %assign/vec4 v0x1bbdba8_0, 0;
    %pushi/vec4 0, 0, 1;
    %assign/vec4 v0x1bbdc00_0, 0;
    %pushi/vec4 256, 0, 9;
    %assign/vec4 v0x1bbdad8_0, 0;
    %delay 200000, 0;
    %pushi/vec4 1, 0, 1;
    %assign/vec4 v0x1bbdc00_0, 0;
    %pushi/vec4 0, 0, 1;
    %assign/vec4 v0x1bbdba8_0, 0;
    %pushi/vec4 128, 0, 9;
    %assign/vec4 v0x1bbdad8_0, 0;
    %delay 200000, 0;
    %pushi/vec4 1, 0, 1;
    %assign/vec4 v0x1bbdba8_0, 0;
    %pushi/vec4 0, 0, 1;
    %assign/vec4 v0x1bbdc00_0, 0;
    %pushi/vec4 2, 0, 9;
    %assign/vec4 v0x1bbdad8_0, 0;
    %delay 200000, 0;
    %pushi/vec4 1, 0, 1;
    %assign/vec4 v0x1bbdc00_0, 0;
    %pushi/vec4 0, 0, 1;
    %assign/vec4 v0x1bbdba8_0, 0;
    %pushi/vec4 64, 0, 9;
    %assign/vec4 v0x1bbdad8_0, 0;
    %delay 200000, 0;
    %pushi/vec4 1, 0, 1;
    %assign/vec4 v0x1bbdba8_0, 0;
    %pushi/vec4 0, 0, 1;
    %assign/vec4 v0x1bbdc00_0, 0;
    %pushi/vec4 4, 0, 9;
    %assign/vec4 v0x1bbdad8_0, 0;
    %delay 200000, 0;
    %pushi/vec4 0, 0, 1;
    %assign/vec4 v0x1bbdba8_0, 0;
    %pushi/vec4 0, 0, 1;
    %assign/vec4 v0x1bbdc00_0, 0;
    %end;
    .thread T_13;
    .scope S_0x1b846e8;
T_14 ;
    %vpi_call 2 89 "$monitor", "\012time = %3d \012 %d %d %d \012 %d %d %d \012 %d %d %d \012 winner = %d\012", $time, v0x1bbdc58_0, v0x1bb6278_0, v0x1bbdd78_0, v0x1bb8ea8_0, v0x1bbde98_0, v0x1bbdf48_0, v0x1bb8768_0, v0x1bbe078_0, v0x1bbe0e0_0, v0x1bbe210_0 {0 0 0};
    %end;
    .thread T_14;
# The file index is used to find the file name in the following table.
:file_names 4;
    "N/A";
    "<interactive>";
    "tb_tttg.v";
    "tttg.v";
